2022-08-22 08:23:41 [restartedMain] INFO  c.e.blog.BlogWritingApplication - Starting BlogWritingApplication using Java 11.0.11 on DESKTOP-TQDLO7J with PID 7928 (C:\Users\Subhankar\Desktop\Project\BlogFactory\BlogFactory\Backend\target\classes started by Subhankar in C:\Users\Subhankar\Desktop\Project\BlogFactory\BlogFactory\Backend)
2022-08-22 08:23:41 [restartedMain] INFO  c.e.blog.BlogWritingApplication - The following 1 profile is active: "dev"
2022-08-22 08:23:55 [restartedMain] INFO  c.e.blog.BlogWritingApplication - Started BlogWritingApplication in 15.295 seconds (JVM running for 17.173)
2022-08-22 08:24:03 [http-nio-9090-exec-2] INFO  c.e.blog.controller.BlogController - getting blog of the day
2022-08-22 08:24:03 [http-nio-9090-exec-1] INFO  c.e.blog.service.UserServiceimpl - serving picture
2022-08-22 08:24:03 [http-nio-9090-exec-1] ERROR c.e.blog.service.UserServiceimpl - picture not found
2022-08-22 08:24:03 [http-nio-9090-exec-2] INFO  c.e.blog.service.BlogServiceimpl - fetch blog of the day!!
2022-08-22 08:24:04 [http-nio-9090-exec-3] INFO  c.e.blog.controller.BlogController - getting blog of the day
2022-08-22 08:24:04 [http-nio-9090-exec-3] INFO  c.e.blog.service.BlogServiceimpl - fetch blog of the day!!
2022-08-22 08:25:30 [http-nio-9090-exec-6] INFO  c.e.blog.controller.UserController - image is uploaded with name C:\Users\Subhankar\Desktop\Project\BlogFactory\BlogFactory\Backend\target\classes\static\image\testLoginimages.jpg
2022-08-22 08:25:30 [http-nio-9090-exec-6] INFO  c.e.blog.controller.UserController - trying to signUp with credential User(id=0, name=testLogin, email=testlogin@gmail.com, mobile=3534232423, userimg=testLoginimages.jpg, username=testLogin, password=testLogin@123, blogs=[]) 
2022-08-22 08:25:30 [http-nio-9090-exec-6] INFO  c.e.blog.service.UserServiceimpl - user registered successfully with credential User(id=3, name=testLogin, email=testlogin@gmail.com, mobile=3534232423, userimg=testLoginimages.jpg, username=testLogin, password=$2a$10$5Vp5jC93PqbqZFRo.Su85u.lUUiAO0N4bhfcHC0ptoEgs7GlVH.4S, blogs=[]) 
2022-08-22 08:25:55 [http-nio-9090-exec-10] INFO  c.e.blog.controller.BlogController - getting blog of the day
2022-08-22 08:25:55 [http-nio-9090-exec-10] INFO  c.e.blog.service.BlogServiceimpl - fetch blog of the day!!
2022-08-22 08:25:55 [http-nio-9090-exec-1] INFO  c.e.blog.service.UserServiceimpl - serving picture
2022-08-22 08:25:55 [http-nio-9090-exec-1] ERROR c.e.blog.service.UserServiceimpl - picture not found
2022-08-22 08:25:55 [http-nio-9090-exec-2] INFO  c.e.blog.controller.BlogController - getting blog of the day
2022-08-22 08:25:55 [http-nio-9090-exec-2] INFO  c.e.blog.service.BlogServiceimpl - fetch blog of the day!!
2022-08-22 08:25:55 [http-nio-9090-exec-3] INFO  c.e.blog.service.UserServiceimpl - serving picture
2022-08-22 08:25:55 [http-nio-9090-exec-3] INFO  c.e.blog.controller.UserController - picture served
2022-08-22 08:26:02 [http-nio-9090-exec-7] INFO  c.e.blog.service.UserServiceimpl - serving picture
2022-08-22 08:26:02 [http-nio-9090-exec-7] INFO  c.e.blog.controller.UserController - picture served
2022-08-22 08:26:04 [http-nio-9090-exec-8] INFO  c.e.blog.service.UserServiceimpl - serving picture
2022-08-22 08:26:04 [http-nio-9090-exec-8] INFO  c.e.blog.controller.UserController - picture served
2022-08-22 08:26:18 [http-nio-9090-exec-9] INFO  c.e.blog.controller.BlogController - getting blog of the day
2022-08-22 08:26:18 [http-nio-9090-exec-10] INFO  c.e.blog.service.UserServiceimpl - serving picture
2022-08-22 08:26:18 [http-nio-9090-exec-10] ERROR c.e.blog.service.UserServiceimpl - picture not found
2022-08-22 08:26:18 [http-nio-9090-exec-9] INFO  c.e.blog.service.BlogServiceimpl - fetch blog of the day!!
2022-08-22 08:26:18 [http-nio-9090-exec-1] INFO  c.e.blog.service.UserServiceimpl - serving picture
2022-08-22 08:26:18 [http-nio-9090-exec-1] INFO  c.e.blog.controller.UserController - picture served
2022-08-22 08:26:18 [http-nio-9090-exec-2] INFO  c.e.blog.controller.BlogController - getting blog of the day
2022-08-22 08:26:18 [http-nio-9090-exec-2] INFO  c.e.blog.service.BlogServiceimpl - fetch blog of the day!!
2022-08-22 08:26:21 [http-nio-9090-exec-3] INFO  c.e.blog.service.UserServiceimpl - serving picture
2022-08-22 08:26:21 [http-nio-9090-exec-3] INFO  c.e.blog.controller.UserController - picture served
2022-08-22 08:26:35 [http-nio-9090-exec-4] INFO  c.e.blog.controller.BlogController - getting blog of the day
2022-08-22 08:26:35 [http-nio-9090-exec-5] INFO  c.e.blog.service.UserServiceimpl - serving picture
2022-08-22 08:26:35 [http-nio-9090-exec-5] ERROR c.e.blog.service.UserServiceimpl - picture not found
2022-08-22 08:26:35 [http-nio-9090-exec-4] INFO  c.e.blog.service.BlogServiceimpl - fetch blog of the day!!
2022-08-22 08:26:35 [http-nio-9090-exec-6] INFO  c.e.blog.controller.BlogController - getting blog of the day
2022-08-22 08:26:35 [http-nio-9090-exec-7] INFO  c.e.blog.service.UserServiceimpl - serving picture
2022-08-22 08:26:35 [http-nio-9090-exec-7] INFO  c.e.blog.controller.UserController - picture served
2022-08-22 08:26:35 [http-nio-9090-exec-6] INFO  c.e.blog.service.BlogServiceimpl - fetch blog of the day!!
2022-08-22 08:26:41 [http-nio-9090-exec-8] INFO  c.e.blog.controller.BlogController - request for all blogs
2022-08-22 08:26:41 [http-nio-9090-exec-8] INFO  c.e.blog.service.BlogServiceimpl - fetching all blogs....
2022-08-22 08:26:41 [http-nio-9090-exec-10] INFO  c.e.blog.service.UserServiceimpl - serving picture
2022-08-22 08:26:41 [http-nio-9090-exec-10] INFO  c.e.blog.controller.UserController - picture served
2022-08-22 08:26:41 [http-nio-9090-exec-8] INFO  c.e.blog.service.BlogServiceimpl - fetched all blogs
2022-08-22 08:26:41 [http-nio-9090-exec-8] INFO  c.e.blog.controller.BlogController - request for all blogs
2022-08-22 08:26:41 [http-nio-9090-exec-8] INFO  c.e.blog.service.BlogServiceimpl - fetching all blogs....
2022-08-22 08:26:41 [http-nio-9090-exec-8] INFO  c.e.blog.service.BlogServiceimpl - fetched all blogs
2022-08-22 08:26:41 [http-nio-9090-exec-1] INFO  c.e.blog.service.UserServiceimpl - serving picture
2022-08-22 08:26:41 [http-nio-9090-exec-1] ERROR c.e.blog.service.UserServiceimpl - picture not found
2022-08-22 08:26:48 [http-nio-9090-exec-2] INFO  c.e.blog.service.UserServiceimpl - serving picture
2022-08-22 08:26:48 [http-nio-9090-exec-2] ERROR c.e.blog.service.UserServiceimpl - picture not found
2022-08-22 08:26:49 [http-nio-9090-exec-5] INFO  c.e.blog.controller.VoteController - voting start
2022-08-22 08:26:49 [http-nio-9090-exec-5] INFO  c.e.blog.service.VoteServiceimpl - vote complete for user 3
2022-08-22 08:26:53 [http-nio-9090-exec-4] INFO  c.e.blog.controller.BlogController - request for all blogs
2022-08-22 08:26:53 [http-nio-9090-exec-4] INFO  c.e.blog.service.BlogServiceimpl - fetching all blogs....
2022-08-22 08:26:53 [http-nio-9090-exec-7] INFO  c.e.blog.service.UserServiceimpl - serving picture
2022-08-22 08:26:53 [http-nio-9090-exec-7] INFO  c.e.blog.controller.UserController - picture served
2022-08-22 08:26:53 [http-nio-9090-exec-4] INFO  c.e.blog.service.BlogServiceimpl - fetched all blogs
2022-08-22 08:26:53 [http-nio-9090-exec-6] INFO  c.e.blog.controller.BlogController - request for all blogs
2022-08-22 08:26:53 [http-nio-9090-exec-6] INFO  c.e.blog.service.BlogServiceimpl - fetching all blogs....
2022-08-22 08:26:53 [http-nio-9090-exec-6] INFO  c.e.blog.service.BlogServiceimpl - fetched all blogs
2022-08-22 08:26:54 [http-nio-9090-exec-10] INFO  c.e.blog.service.UserServiceimpl - serving picture
2022-08-22 08:26:54 [http-nio-9090-exec-10] ERROR c.e.blog.service.UserServiceimpl - picture not found
2022-08-22 08:26:58 [http-nio-9090-exec-9] INFO  c.e.blog.controller.BlogController - getting blog of the day
2022-08-22 08:26:58 [http-nio-9090-exec-9] INFO  c.e.blog.service.BlogServiceimpl - fetch blog of the day!!
2022-08-22 08:26:58 [http-nio-9090-exec-8] INFO  c.e.blog.service.UserServiceimpl - serving picture
2022-08-22 08:26:58 [http-nio-9090-exec-8] ERROR c.e.blog.service.UserServiceimpl - picture not found
2022-08-22 08:26:58 [http-nio-9090-exec-1] INFO  c.e.blog.controller.BlogController - getting blog of the day
2022-08-22 08:26:58 [http-nio-9090-exec-2] INFO  c.e.blog.service.UserServiceimpl - serving picture
2022-08-22 08:26:58 [http-nio-9090-exec-1] INFO  c.e.blog.service.BlogServiceimpl - fetch blog of the day!!
2022-08-22 08:26:58 [http-nio-9090-exec-2] INFO  c.e.blog.controller.UserController - picture served
2022-08-22 08:26:58 [http-nio-9090-exec-3] INFO  c.e.blog.service.UserServiceimpl - serving picture
2022-08-22 08:26:58 [http-nio-9090-exec-3] ERROR c.e.blog.service.UserServiceimpl - picture not found
2022-08-22 08:27:04 [http-nio-9090-exec-5] INFO  c.e.blog.controller.BlogController - request for all blogs
2022-08-22 08:27:04 [http-nio-9090-exec-5] INFO  c.e.blog.service.BlogServiceimpl - fetching all blogs....
2022-08-22 08:27:04 [http-nio-9090-exec-7] INFO  c.e.blog.service.UserServiceimpl - serving picture
2022-08-22 08:27:04 [http-nio-9090-exec-7] INFO  c.e.blog.controller.UserController - picture served
2022-08-22 08:27:05 [http-nio-9090-exec-5] INFO  c.e.blog.service.BlogServiceimpl - fetched all blogs
2022-08-22 08:27:05 [http-nio-9090-exec-4] INFO  c.e.blog.controller.BlogController - request for all blogs
2022-08-22 08:27:05 [http-nio-9090-exec-4] INFO  c.e.blog.service.BlogServiceimpl - fetching all blogs....
2022-08-22 08:27:05 [http-nio-9090-exec-4] INFO  c.e.blog.service.BlogServiceimpl - fetched all blogs
2022-08-22 08:27:05 [http-nio-9090-exec-6] INFO  c.e.blog.service.UserServiceimpl - serving picture
2022-08-22 08:27:05 [http-nio-9090-exec-6] ERROR c.e.blog.service.UserServiceimpl - picture not found
2022-08-22 08:27:08 [http-nio-9090-exec-10] INFO  c.e.blog.service.UserServiceimpl - serving picture
2022-08-22 08:27:08 [http-nio-9090-exec-10] INFO  c.e.blog.controller.UserController - picture served
2022-08-22 08:27:22 [http-nio-9090-exec-9] INFO  c.e.blog.controller.BlogController - submitting blog from userid 3
2022-08-22 08:27:22 [http-nio-9090-exec-9] INFO  c.e.blog.service.BlogServiceimpl - user saved in user's profile
2022-08-22 08:27:25 [http-nio-9090-exec-2] INFO  c.e.blog.controller.BlogController - request for all blogs
2022-08-22 08:27:25 [http-nio-9090-exec-2] INFO  c.e.blog.service.BlogServiceimpl - fetching all blogs....
2022-08-22 08:27:25 [http-nio-9090-exec-1] INFO  c.e.blog.service.UserServiceimpl - serving picture
2022-08-22 08:27:25 [http-nio-9090-exec-1] INFO  c.e.blog.controller.UserController - picture served
2022-08-22 08:27:25 [http-nio-9090-exec-2] INFO  c.e.blog.service.BlogServiceimpl - fetched all blogs
2022-08-22 08:27:25 [http-nio-9090-exec-3] INFO  c.e.blog.controller.BlogController - request for all blogs
2022-08-22 08:27:25 [http-nio-9090-exec-3] INFO  c.e.blog.service.BlogServiceimpl - fetching all blogs....
2022-08-22 08:27:25 [http-nio-9090-exec-7] INFO  c.e.blog.service.UserServiceimpl - serving picture
2022-08-22 08:27:25 [http-nio-9090-exec-3] INFO  c.e.blog.service.BlogServiceimpl - fetched all blogs
2022-08-22 08:27:25 [http-nio-9090-exec-7] INFO  c.e.blog.controller.UserController - picture served
2022-08-22 08:27:25 [http-nio-9090-exec-5] INFO  c.e.blog.service.UserServiceimpl - serving picture
2022-08-22 08:27:25 [http-nio-9090-exec-5] ERROR c.e.blog.service.UserServiceimpl - picture not found
2022-08-22 08:27:31 [http-nio-9090-exec-6] INFO  c.e.blog.service.UserServiceimpl - serving picture
2022-08-22 08:27:31 [http-nio-9090-exec-6] INFO  c.e.blog.controller.UserController - picture served
2022-08-22 08:27:38 [http-nio-9090-exec-4] INFO  c.e.blog.controller.BlogController - getting blog of the day
2022-08-22 08:27:38 [http-nio-9090-exec-10] INFO  c.e.blog.service.UserServiceimpl - serving picture
2022-08-22 08:27:38 [http-nio-9090-exec-10] ERROR c.e.blog.service.UserServiceimpl - picture not found
2022-08-22 08:27:38 [http-nio-9090-exec-4] INFO  c.e.blog.service.BlogServiceimpl - fetch blog of the day!!
2022-08-22 08:27:38 [http-nio-9090-exec-8] INFO  c.e.blog.controller.BlogController - getting blog of the day
2022-08-22 08:27:38 [http-nio-9090-exec-8] INFO  c.e.blog.service.BlogServiceimpl - fetch blog of the day!!
2022-08-22 08:27:39 [http-nio-9090-exec-9] INFO  c.e.blog.service.UserServiceimpl - serving picture
2022-08-22 08:27:39 [http-nio-9090-exec-9] ERROR c.e.blog.service.UserServiceimpl - picture not found
2022-08-22 08:27:49 [http-nio-9090-exec-1] INFO  c.e.blog.controller.BlogController - request for all blogs
2022-08-22 08:27:49 [http-nio-9090-exec-1] INFO  c.e.blog.service.BlogServiceimpl - fetching all blogs....
2022-08-22 08:27:49 [http-nio-9090-exec-1] INFO  c.e.blog.service.BlogServiceimpl - fetched all blogs
2022-08-22 08:27:49 [http-nio-9090-exec-2] INFO  c.e.blog.controller.BlogController - request for all blogs
2022-08-22 08:27:49 [http-nio-9090-exec-2] INFO  c.e.blog.service.BlogServiceimpl - fetching all blogs....
2022-08-22 08:27:49 [http-nio-9090-exec-2] INFO  c.e.blog.service.BlogServiceimpl - fetched all blogs
2022-08-22 08:27:49 [http-nio-9090-exec-7] INFO  c.e.blog.service.UserServiceimpl - serving picture
2022-08-22 08:27:49 [http-nio-9090-exec-7] INFO  c.e.blog.controller.UserController - picture served
2022-08-22 08:27:49 [http-nio-9090-exec-3] INFO  c.e.blog.service.UserServiceimpl - serving picture
2022-08-22 08:27:49 [http-nio-9090-exec-3] ERROR c.e.blog.service.UserServiceimpl - picture not found
2022-08-22 08:27:53 [http-nio-9090-exec-4] INFO  c.e.blog.controller.BlogController - request for all blogs
2022-08-22 08:27:53 [http-nio-9090-exec-4] INFO  c.e.blog.service.BlogServiceimpl - fetching all blogs....
2022-08-22 08:27:53 [http-nio-9090-exec-4] INFO  c.e.blog.service.BlogServiceimpl - fetched all blogs
2022-08-22 08:27:53 [http-nio-9090-exec-8] INFO  c.e.blog.controller.BlogController - request for all blogs
2022-08-22 08:27:53 [http-nio-9090-exec-8] INFO  c.e.blog.service.BlogServiceimpl - fetching all blogs....
2022-08-22 08:27:53 [http-nio-9090-exec-9] INFO  c.e.blog.service.UserServiceimpl - serving picture
2022-08-22 08:27:53 [http-nio-9090-exec-9] INFO  c.e.blog.controller.UserController - picture served
2022-08-22 08:27:53 [http-nio-9090-exec-1] INFO  c.e.blog.service.UserServiceimpl - serving picture
2022-08-22 08:27:53 [http-nio-9090-exec-1] ERROR c.e.blog.service.UserServiceimpl - picture not found
2022-08-22 08:27:53 [http-nio-9090-exec-8] INFO  c.e.blog.service.BlogServiceimpl - fetched all blogs
2022-08-22 08:27:56 [http-nio-9090-exec-2] INFO  c.e.blog.service.UserServiceimpl - serving picture
2022-08-22 08:27:56 [http-nio-9090-exec-2] INFO  c.e.blog.controller.UserController - picture served
2022-08-22 08:28:19 [http-nio-9090-exec-4] INFO  c.e.blog.controller.BlogController - getting blog of the day
2022-08-22 08:28:19 [http-nio-9090-exec-4] INFO  c.e.blog.service.BlogServiceimpl - fetch blog of the day!!
2022-08-22 08:28:19 [http-nio-9090-exec-9] INFO  c.e.blog.service.UserServiceimpl - serving picture
2022-08-22 08:28:19 [http-nio-9090-exec-9] ERROR c.e.blog.service.UserServiceimpl - picture not found
2022-08-22 08:28:19 [http-nio-9090-exec-1] INFO  c.e.blog.controller.BlogController - getting blog of the day
2022-08-22 08:28:19 [http-nio-9090-exec-1] INFO  c.e.blog.service.BlogServiceimpl - fetch blog of the day!!
2022-08-22 08:28:19 [http-nio-9090-exec-8] INFO  c.e.blog.service.UserServiceimpl - serving picture
2022-08-22 08:28:19 [http-nio-9090-exec-8] INFO  c.e.blog.controller.UserController - picture served
2022-08-22 08:28:19 [http-nio-9090-exec-2] INFO  c.e.blog.service.UserServiceimpl - serving picture
2022-08-22 08:28:19 [http-nio-9090-exec-2] ERROR c.e.blog.service.UserServiceimpl - picture not found
2022-08-22 08:28:22 [http-nio-9090-exec-3] INFO  c.e.blog.controller.BlogController - request for all blogs
2022-08-22 08:28:22 [http-nio-9090-exec-3] INFO  c.e.blog.service.BlogServiceimpl - fetching all blogs....
2022-08-22 08:28:22 [http-nio-9090-exec-6] INFO  c.e.blog.service.UserServiceimpl - serving picture
2022-08-22 08:28:22 [http-nio-9090-exec-6] INFO  c.e.blog.controller.UserController - picture served
2022-08-22 08:28:22 [http-nio-9090-exec-3] INFO  c.e.blog.service.BlogServiceimpl - fetched all blogs
2022-08-22 08:28:22 [http-nio-9090-exec-10] INFO  c.e.blog.controller.BlogController - request for all blogs
2022-08-22 08:28:22 [http-nio-9090-exec-10] INFO  c.e.blog.service.BlogServiceimpl - fetching all blogs....
2022-08-22 08:28:22 [http-nio-9090-exec-4] INFO  c.e.blog.service.UserServiceimpl - serving picture
2022-08-22 08:28:22 [http-nio-9090-exec-10] INFO  c.e.blog.service.BlogServiceimpl - fetched all blogs
2022-08-22 08:28:22 [http-nio-9090-exec-4] INFO  c.e.blog.controller.UserController - picture served
2022-08-22 08:28:22 [http-nio-9090-exec-9] INFO  c.e.blog.service.UserServiceimpl - serving picture
2022-08-22 08:28:22 [http-nio-9090-exec-9] ERROR c.e.blog.service.UserServiceimpl - picture not found
2022-08-22 08:28:23 [http-nio-9090-exec-1] INFO  c.e.blog.service.UserServiceimpl - serving picture
2022-08-22 08:28:23 [http-nio-9090-exec-1] INFO  c.e.blog.controller.UserController - picture served
2022-08-22 08:28:26 [http-nio-9090-exec-8] INFO  c.e.blog.service.UserServiceimpl - serving picture
2022-08-22 08:28:26 [http-nio-9090-exec-8] INFO  c.e.blog.controller.UserController - picture served
2022-08-22 08:28:30 [http-nio-9090-exec-5] INFO  c.e.blog.controller.BlogController - Edit started for blog 5 by user 3
2022-08-22 08:28:30 [http-nio-9090-exec-5] INFO  c.e.blog.service.BlogServiceimpl - Last edited date of this blog was 22-08-2022
2022-08-22 08:28:30 [http-nio-9090-exec-5] INFO  c.e.blog.service.BlogServiceimpl - blog edited successfully on 22-08-2022
2022-08-22 08:28:33 [http-nio-9090-exec-7] INFO  c.e.blog.controller.BlogController - request for all blogs
2022-08-22 08:28:33 [http-nio-9090-exec-7] INFO  c.e.blog.service.BlogServiceimpl - fetching all blogs....
2022-08-22 08:28:33 [http-nio-9090-exec-6] INFO  c.e.blog.service.UserServiceimpl - serving picture
2022-08-22 08:28:33 [http-nio-9090-exec-6] INFO  c.e.blog.controller.UserController - picture served
2022-08-22 08:28:33 [http-nio-9090-exec-7] INFO  c.e.blog.service.BlogServiceimpl - fetched all blogs
2022-08-22 08:28:33 [http-nio-9090-exec-7] INFO  c.e.blog.controller.BlogController - request for all blogs
2022-08-22 08:28:33 [http-nio-9090-exec-7] INFO  c.e.blog.service.BlogServiceimpl - fetching all blogs....
2022-08-22 08:28:33 [http-nio-9090-exec-4] INFO  c.e.blog.service.UserServiceimpl - serving picture
2022-08-22 08:28:33 [http-nio-9090-exec-4] INFO  c.e.blog.controller.UserController - picture served
2022-08-22 08:28:33 [http-nio-9090-exec-7] INFO  c.e.blog.service.BlogServiceimpl - fetched all blogs
2022-08-22 08:28:33 [http-nio-9090-exec-9] INFO  c.e.blog.service.UserServiceimpl - serving picture
2022-08-22 08:28:33 [http-nio-9090-exec-9] ERROR c.e.blog.service.UserServiceimpl - picture not found
2022-08-22 08:28:38 [http-nio-9090-exec-10] INFO  c.e.blog.service.UserServiceimpl - serving picture
2022-08-22 08:28:38 [http-nio-9090-exec-10] INFO  c.e.blog.controller.UserController - picture served
2022-08-22 08:28:41 [http-nio-9090-exec-8] WARN  c.e.blog.controller.BlogController - delete blog request for id 5
2022-08-22 08:28:41 [http-nio-9090-exec-8] INFO  c.e.blog.service.BlogServiceimpl - blog deleted successfully
2022-08-22 08:28:43 [http-nio-9090-exec-2] INFO  c.e.blog.controller.BlogController - request for all blogs
2022-08-22 08:28:43 [http-nio-9090-exec-2] INFO  c.e.blog.service.BlogServiceimpl - fetching all blogs....
2022-08-22 08:28:43 [http-nio-9090-exec-5] INFO  c.e.blog.service.UserServiceimpl - serving picture
2022-08-22 08:28:43 [http-nio-9090-exec-5] INFO  c.e.blog.controller.UserController - picture served
2022-08-22 08:28:43 [http-nio-9090-exec-2] INFO  c.e.blog.service.BlogServiceimpl - fetched all blogs
2022-08-22 08:28:43 [http-nio-9090-exec-6] INFO  c.e.blog.controller.BlogController - request for all blogs
2022-08-22 08:28:43 [http-nio-9090-exec-6] INFO  c.e.blog.service.BlogServiceimpl - fetching all blogs....
2022-08-22 08:28:43 [http-nio-9090-exec-3] INFO  c.e.blog.service.UserServiceimpl - serving picture
2022-08-22 08:28:43 [http-nio-9090-exec-3] ERROR c.e.blog.service.UserServiceimpl - picture not found
2022-08-22 08:28:43 [http-nio-9090-exec-6] INFO  c.e.blog.service.BlogServiceimpl - fetched all blogs
2022-08-22 08:28:47 [http-nio-9090-exec-4] INFO  c.e.blog.controller.BlogController - getting blog of the day
2022-08-22 08:28:47 [http-nio-9090-exec-9] INFO  c.e.blog.service.UserServiceimpl - serving picture
2022-08-22 08:28:47 [http-nio-9090-exec-9] ERROR c.e.blog.service.UserServiceimpl - picture not found
2022-08-22 08:28:47 [http-nio-9090-exec-4] INFO  c.e.blog.service.BlogServiceimpl - fetch blog of the day!!
2022-08-22 08:28:47 [http-nio-9090-exec-7] INFO  c.e.blog.controller.BlogController - getting blog of the day
2022-08-22 08:28:47 [http-nio-9090-exec-7] INFO  c.e.blog.service.BlogServiceimpl - fetch blog of the day!!
2022-08-22 08:28:47 [http-nio-9090-exec-10] INFO  c.e.blog.service.UserServiceimpl - serving picture
2022-08-22 08:28:47 [http-nio-9090-exec-10] INFO  c.e.blog.controller.UserController - picture served
2022-08-22 08:28:47 [http-nio-9090-exec-1] INFO  c.e.blog.service.UserServiceimpl - serving picture
2022-08-22 08:28:47 [http-nio-9090-exec-1] ERROR c.e.blog.service.UserServiceimpl - picture not found
2022-08-22 08:28:51 [http-nio-9090-exec-8] INFO  c.e.blog.controller.BlogController - getting blog of the day
2022-08-22 08:28:51 [http-nio-9090-exec-8] INFO  c.e.blog.service.BlogServiceimpl - fetch blog of the day!!
2022-08-22 08:28:51 [http-nio-9090-exec-5] INFO  c.e.blog.service.UserServiceimpl - serving picture
2022-08-22 08:28:51 [http-nio-9090-exec-5] ERROR c.e.blog.service.UserServiceimpl - picture not found
2022-08-22 08:28:51 [http-nio-9090-exec-2] INFO  c.e.blog.controller.BlogController - getting blog of the day
2022-08-22 08:28:51 [http-nio-9090-exec-2] INFO  c.e.blog.service.BlogServiceimpl - fetch blog of the day!!
2022-08-22 08:28:51 [http-nio-9090-exec-3] INFO  c.e.blog.service.UserServiceimpl - serving picture
2022-08-22 08:28:51 [http-nio-9090-exec-3] ERROR c.e.blog.service.UserServiceimpl - picture not found
2022-08-22 08:29:57 [main] INFO  c.e.blog.service.BlogServiceimpl - user saved in user's profile
2022-08-22 08:29:58 [main] INFO  c.e.blog.service.BlogServiceimpl - fetching all blogs....
2022-08-22 08:29:58 [main] INFO  c.e.blog.service.BlogServiceimpl - fetched all blogs
2022-08-22 08:29:58 [main] INFO  c.e.blog.service.BlogServiceimpl - Last edited date of this blog was null
2022-08-22 08:29:58 [main] INFO  c.e.blog.service.BlogServiceimpl - blog edited successfully on null
2022-08-22 08:29:58 [main] INFO  c.e.blog.service.BlogServiceimpl - blog deleted successfully
2022-08-22 08:29:58 [main] INFO  c.e.blog.service.BlogServiceimpl - fetch blog of the day!!
2022-08-22 08:30:14 [main] INFO  c.e.blog.service.UserServiceimpl - user registered successfully with credential User(id=1, name=testUser1, email=test1@gmail.com, mobile=4434353435, userimg=null, username=testUser123, password=hello@123, blogs=null) 
2022-08-22 08:30:27 [main] INFO  c.e.blog.service.VoteServiceimpl - vote complete for user 1
2022-08-22 08:30:27 [main] WARN  c.e.blog.service.VoteServiceimpl - unvoting blog 1 by user 1
2022-08-22 08:30:42 [main] INFO  c.e.blog.repository.BlogRepoTest - Starting BlogRepoTest using Java 11.0.11 on DESKTOP-TQDLO7J with PID 5020 (started by Subhankar in C:\Users\Subhankar\Desktop\Project\BlogFactory\BlogFactory\Backend)
2022-08-22 08:30:42 [main] INFO  c.e.blog.repository.BlogRepoTest - No active profile set, falling back to 1 default profile: "default"
2022-08-22 08:30:46 [main] INFO  c.e.blog.repository.BlogRepoTest - Started BlogRepoTest in 4.899 seconds (JVM running for 6.823)
2022-08-22 08:31:00 [main] INFO  c.e.blog.repository.UserRepoTest - Starting UserRepoTest using Java 11.0.11 on DESKTOP-TQDLO7J with PID 7664 (started by Subhankar in C:\Users\Subhankar\Desktop\Project\BlogFactory\BlogFactory\Backend)
2022-08-22 08:31:00 [main] INFO  c.e.blog.repository.UserRepoTest - No active profile set, falling back to 1 default profile: "default"
2022-08-22 08:31:05 [main] INFO  c.e.blog.repository.UserRepoTest - Started UserRepoTest in 4.645 seconds (JVM running for 6.727)
2022-08-22 08:31:16 [main] INFO  c.e.blog.repository.UserRepoTest - Starting UserRepoTest using Java 11.0.11 on DESKTOP-TQDLO7J with PID 5704 (started by Subhankar in C:\Users\Subhankar\Desktop\Project\BlogFactory\BlogFactory\Backend)
2022-08-22 08:31:16 [main] INFO  c.e.blog.repository.UserRepoTest - No active profile set, falling back to 1 default profile: "default"
2022-08-22 08:31:21 [main] INFO  c.e.blog.repository.UserRepoTest - Started UserRepoTest in 4.932 seconds (JVM running for 6.808)
2022-08-22 08:31:30 [main] INFO  c.e.blog.repository.UserRepoTest - Starting UserRepoTest using Java 11.0.11 on DESKTOP-TQDLO7J with PID 8420 (started by Subhankar in C:\Users\Subhankar\Desktop\Project\BlogFactory\BlogFactory\Backend)
2022-08-22 08:31:30 [main] INFO  c.e.blog.repository.UserRepoTest - No active profile set, falling back to 1 default profile: "default"
2022-08-22 08:31:35 [main] INFO  c.e.blog.repository.UserRepoTest - Started UserRepoTest in 5.627 seconds (JVM running for 7.826)
