2022-07-11 12:31:25 [restartedMain] INFO  c.e.blog.BlogWritingApplication - Starting BlogWritingApplication using Java 11.0.11 on DESKTOP-TQDLO7J with PID 6436 (C:\Users\Subhankar\Desktop\Project\blog\target\classes started by Subhankar in C:\Users\Subhankar\Desktop\Project\blog)
2022-07-11 12:31:25 [restartedMain] INFO  c.e.blog.BlogWritingApplication - The following 1 profile is active: "dev"
2022-07-11 12:35:32 [restartedMain] INFO  c.e.blog.BlogWritingApplication - Starting BlogWritingApplication using Java 11.0.11 on DESKTOP-TQDLO7J with PID 9324 (C:\Users\Subhankar\Desktop\Project\blog\target\classes started by Subhankar in C:\Users\Subhankar\Desktop\Project\blog)
2022-07-11 12:35:32 [restartedMain] INFO  c.e.blog.BlogWritingApplication - The following 1 profile is active: "dev"
2022-07-11 12:37:50 [restartedMain] INFO  c.e.blog.BlogWritingApplication - Starting BlogWritingApplication using Java 11.0.11 on DESKTOP-TQDLO7J with PID 9348 (C:\Users\Subhankar\Desktop\Project\blog\target\classes started by Subhankar in C:\Users\Subhankar\Desktop\Project\blog)
2022-07-11 12:37:50 [restartedMain] INFO  c.e.blog.BlogWritingApplication - The following 1 profile is active: "dev"
2022-07-11 12:39:32 [restartedMain] INFO  c.e.blog.BlogWritingApplication - Starting BlogWritingApplication using Java 11.0.11 on DESKTOP-TQDLO7J with PID 13884 (C:\Users\Subhankar\Desktop\Project\blog\target\classes started by Subhankar in C:\Users\Subhankar\Desktop\Project\blog)
2022-07-11 12:39:32 [restartedMain] INFO  c.e.blog.BlogWritingApplication - The following 1 profile is active: "dev"
2022-07-11 12:39:38 [restartedMain] INFO  c.e.blog.BlogWritingApplication - Started BlogWritingApplication in 6.818 seconds (JVM running for 7.926)
2022-07-11 12:51:32 [restartedMain] INFO  c.e.blog.BlogWritingApplication - Starting BlogWritingApplication using Java 11.0.11 on DESKTOP-TQDLO7J with PID 10256 (C:\Users\Subhankar\Desktop\Project\blog\target\classes started by Subhankar in C:\Users\Subhankar\Desktop\Project\blog)
2022-07-11 12:51:32 [restartedMain] INFO  c.e.blog.BlogWritingApplication - The following 1 profile is active: "dev"
2022-07-11 12:51:38 [restartedMain] INFO  c.e.blog.BlogWritingApplication - Started BlogWritingApplication in 6.445 seconds (JVM running for 7.387)
2022-07-11 12:54:34 [http-nio-9090-exec-4] INFO  c.e.blog.controller.UserController - trying to signUp with credential User(id=0, name=user1, email=newUser@gmail.com, mobile=9932433242, username=user123, password=user123@1)
2022-07-11 12:54:35 [http-nio-9090-exec-4] INFO  c.e.blog.service.UserServiceimpl - user registered successfully with credential User(id=1, name=user1, email=newUser@gmail.com, mobile=9932433242, username=user123, password=user123@1)
2022-07-11 12:55:48 [http-nio-9090-exec-7] INFO  c.e.blog.controller.UserController - trying to signUp with credential User(id=0, name=user1, email=newUser@gmail.com, mobile=9932433242, username=user123, password=user123@1)
2022-07-11 12:55:48 [http-nio-9090-exec-7] ERROR c.e.blog.service.UserServiceimpl - email already exist
2022-07-11 12:56:38 [http-nio-9090-exec-9] INFO  c.e.blog.controller.UserController - trying to signUp with credential User(id=0, name=user2, email=newUser12@gmail.com, mobile=9932433242, username=user123, password=user123@1)
2022-07-11 12:56:38 [http-nio-9090-exec-9] ERROR c.e.blog.service.UserServiceimpl - mobile number already exist
2022-07-11 12:57:05 [http-nio-9090-exec-10] INFO  c.e.blog.controller.UserController - trying to signUp with credential User(id=0, name=user2, email=newUser12@gmail.com, mobile=9932433012, username=user123, password=user123@1)
2022-07-11 12:57:05 [http-nio-9090-exec-10] ERROR c.e.blog.service.UserServiceimpl - username already exist
2022-07-11 12:57:12 [http-nio-9090-exec-2] INFO  c.e.blog.controller.UserController - trying to signUp with credential User(id=0, name=user2, email=newUser12@gmail.com, mobile=9932433012, username=user323, password=user123@1)
2022-07-11 12:57:12 [http-nio-9090-exec-2] INFO  c.e.blog.service.UserServiceimpl - user registered successfully with credential User(id=2, name=user2, email=newUser12@gmail.com, mobile=9932433012, username=user323, password=user123@1)
