2022-08-05 00:00:24 [restartedMain] INFO  c.e.blog.BlogWritingApplication - Starting BlogWritingApplication using Java 11.0.11 on DESKTOP-TQDLO7J with PID 10572 (C:\Users\Subhankar\Desktop\Project\BlogFactory\BlogFactory\blog\target\classes started by Subhankar in C:\Users\Subhankar\Desktop\Project\BlogFactory\BlogFactory\blog)
2022-08-05 00:00:24 [restartedMain] INFO  c.e.blog.BlogWritingApplication - The following 1 profile is active: "dev"
2022-08-05 00:00:32 [restartedMain] INFO  c.e.blog.BlogWritingApplication - Started BlogWritingApplication in 8.348 seconds (JVM running for 9.532)
2022-08-05 00:00:42 [http-nio-9090-exec-3] INFO  c.e.blog.controller.BlogController - getting blog of the day
2022-08-05 00:01:29 [http-nio-9090-exec-2] INFO  c.e.blog.controller.BlogController - getting blog of the day
2022-08-05 00:01:30 [http-nio-9090-exec-1] INFO  c.e.blog.service.UserServiceimpl - serving picture
2022-08-05 00:01:30 [http-nio-9090-exec-1] ERROR c.e.blog.service.UserServiceimpl - picture not found
2022-08-05 00:01:30 [http-nio-9090-exec-2] INFO  c.e.blog.service.BlogServiceimpl - fetch blog of the day!!
2022-08-05 00:01:30 [http-nio-9090-exec-2] ERROR c.e.blog.service.BlogServiceimpl - can't fetch the blog due to java.lang.NullPointerException
2022-08-05 00:03:44 [http-nio-9090-exec-3] INFO  c.e.blog.service.BlogServiceimpl - fetch blog of the day!!
2022-08-05 00:03:53 [http-nio-9090-exec-3] ERROR c.e.blog.service.BlogServiceimpl - can't fetch the blog due to java.lang.NullPointerException
2022-08-05 00:05:02 [restartedMain] INFO  c.e.blog.BlogWritingApplication - Starting BlogWritingApplication using Java 11.0.11 on DESKTOP-TQDLO7J with PID 12260 (C:\Users\Subhankar\Desktop\Project\BlogFactory\BlogFactory\blog\target\classes started by Subhankar in C:\Users\Subhankar\Desktop\Project\BlogFactory\BlogFactory\blog)
2022-08-05 00:05:02 [restartedMain] INFO  c.e.blog.BlogWritingApplication - The following 1 profile is active: "dev"
2022-08-05 00:05:09 [restartedMain] INFO  c.e.blog.BlogWritingApplication - Started BlogWritingApplication in 7.392 seconds (JVM running for 8.321)
2022-08-05 00:05:16 [http-nio-9090-exec-2] INFO  c.e.blog.controller.BlogController - getting blog of the day
2022-08-05 00:05:16 [http-nio-9090-exec-1] INFO  c.e.blog.service.UserServiceimpl - serving picture
2022-08-05 00:05:16 [http-nio-9090-exec-1] ERROR c.e.blog.service.UserServiceimpl - picture not found
2022-08-05 00:05:17 [http-nio-9090-exec-3] INFO  c.e.blog.controller.BlogController - getting blog of the day
2022-08-05 00:06:04 [http-nio-9090-exec-5] INFO  c.e.blog.controller.BlogController - getting blog of the day
2022-08-05 00:06:04 [http-nio-9090-exec-6] INFO  c.e.blog.service.UserServiceimpl - serving picture
2022-08-05 00:06:04 [http-nio-9090-exec-6] ERROR c.e.blog.service.UserServiceimpl - picture not found
2022-08-05 00:06:04 [http-nio-9090-exec-7] INFO  c.e.blog.controller.BlogController - getting blog of the day
2022-08-05 00:07:33 [http-nio-9090-exec-9] INFO  c.e.blog.controller.BlogController - getting blog of the day
2022-08-05 00:07:37 [http-nio-9090-exec-1] INFO  c.e.blog.controller.BlogController - getting blog of the day
2022-08-05 00:07:37 [http-nio-9090-exec-2] INFO  c.e.blog.controller.BlogController - getting blog of the day
2022-08-05 00:08:21 [http-nio-9090-exec-5] INFO  c.e.blog.controller.BlogController - getting blog of the day
2022-08-05 00:08:21 [http-nio-9090-exec-6] INFO  c.e.blog.controller.BlogController - getting blog of the day
2022-08-05 00:08:49 [http-nio-9090-exec-8] INFO  c.e.blog.controller.BlogController - getting blog of the day
2022-08-05 00:08:53 [http-nio-9090-exec-9] INFO  c.e.blog.controller.BlogController - getting blog of the day
2022-08-05 00:08:53 [http-nio-9090-exec-10] INFO  c.e.blog.service.UserServiceimpl - serving picture
2022-08-05 00:08:53 [http-nio-9090-exec-10] ERROR c.e.blog.service.UserServiceimpl - picture not found
2022-08-05 00:08:53 [http-nio-9090-exec-1] INFO  c.e.blog.controller.BlogController - getting blog of the day
2022-08-05 00:09:38 [http-nio-9090-exec-2] INFO  c.e.blog.controller.BlogController - getting blog of the day
2022-08-05 00:09:48 [http-nio-9090-exec-3] INFO  c.e.blog.controller.BlogController - getting blog of the day
2022-08-05 00:09:59 [http-nio-9090-exec-5] INFO  c.e.blog.controller.BlogController - getting blog of the day
2022-08-05 00:09:59 [http-nio-9090-exec-6] INFO  c.e.blog.controller.BlogController - getting blog of the day
2022-08-05 00:10:44 [http-nio-9090-exec-9] INFO  c.e.blog.controller.BlogController - getting blog of the day
2022-08-05 00:10:48 [http-nio-9090-exec-10] INFO  c.e.blog.controller.BlogController - getting blog of the day
2022-08-05 00:10:48 [http-nio-9090-exec-1] INFO  c.e.blog.service.UserServiceimpl - serving picture
2022-08-05 00:10:48 [http-nio-9090-exec-1] ERROR c.e.blog.service.UserServiceimpl - picture not found
2022-08-05 00:10:48 [http-nio-9090-exec-2] INFO  c.e.blog.controller.BlogController - getting blog of the day
2022-08-05 00:11:24 [http-nio-9090-exec-4] INFO  c.e.blog.controller.BlogController - getting blog of the day
2022-08-05 00:11:33 [http-nio-9090-exec-6] INFO  c.e.blog.controller.BlogController - getting blog of the day
2022-08-05 00:11:35 [http-nio-9090-exec-7] INFO  c.e.blog.controller.BlogController - getting blog of the day
2022-08-05 00:11:50 [http-nio-9090-exec-9] INFO  c.e.blog.controller.BlogController - getting blog of the day
2022-08-05 00:11:50 [http-nio-9090-exec-10] INFO  c.e.blog.service.UserServiceimpl - serving picture
2022-08-05 00:11:50 [http-nio-9090-exec-10] ERROR c.e.blog.service.UserServiceimpl - picture not found
2022-08-05 00:11:50 [http-nio-9090-exec-1] INFO  c.e.blog.controller.BlogController - getting blog of the day
2022-08-05 00:12:33 [http-nio-9090-exec-3] INFO  c.e.blog.controller.BlogController - getting blog of the day
2022-08-05 00:13:13 [http-nio-9090-exec-5] INFO  c.e.blog.controller.BlogController - getting blog of the day
2022-08-05 00:14:19 [http-nio-9090-exec-7] INFO  c.e.blog.controller.BlogController - getting blog of the day
2022-08-05 00:14:19 [http-nio-9090-exec-8] INFO  c.e.blog.service.UserServiceimpl - serving picture
2022-08-05 00:14:19 [http-nio-9090-exec-8] ERROR c.e.blog.service.UserServiceimpl - picture not found
2022-08-05 00:14:19 [http-nio-9090-exec-9] INFO  c.e.blog.controller.BlogController - getting blog of the day
2022-08-05 00:14:27 [http-nio-9090-exec-10] INFO  c.e.blog.controller.BlogController - getting blog of the day
2022-08-05 00:14:33 [http-nio-9090-exec-1] INFO  c.e.blog.controller.BlogController - getting blog of the day
2022-08-05 00:14:36 [http-nio-9090-exec-2] INFO  c.e.blog.controller.BlogController - getting blog of the day
2022-08-05 00:14:55 [http-nio-9090-exec-5] INFO  c.e.blog.controller.BlogController - getting blog of the day
2022-08-05 00:16:14 [http-nio-9090-exec-7] INFO  c.e.blog.controller.BlogController - getting blog of the day
2022-08-05 00:16:14 [http-nio-9090-exec-8] INFO  c.e.blog.service.UserServiceimpl - serving picture
2022-08-05 00:16:14 [http-nio-9090-exec-8] ERROR c.e.blog.service.UserServiceimpl - picture not found
2022-08-05 00:16:14 [http-nio-9090-exec-9] INFO  c.e.blog.controller.BlogController - getting blog of the day
2022-08-05 00:17:39 [http-nio-9090-exec-1] INFO  c.e.blog.controller.UserController - image is uploaded with name C:\Users\Subhankar\Desktop\Project\BlogFactory\BlogFactory\blog\target\classes\static\image\Admin123images.jpg
2022-08-05 00:17:39 [http-nio-9090-exec-1] INFO  c.e.blog.controller.UserController - trying to signUp with credential User(id=0, name=tester, email=admin@gmail.com, mobile=1234567890, userimg=Admin123images.jpg, username=Admin123, password=Admin123, blogs=[]) 
2022-08-05 00:17:39 [http-nio-9090-exec-1] INFO  c.e.blog.service.UserServiceimpl - user registered successfully with credential User(id=1, name=tester, email=admin@gmail.com, mobile=1234567890, userimg=Admin123images.jpg, username=Admin123, password=$2a$10$jinwAbFI2dTXwTxHVxgAn.QOHRg61tMNiAsnHLS7Q6c2JUUlofHPm, blogs=[]) 
2022-08-05 00:18:12 [http-nio-9090-exec-5] INFO  c.e.blog.controller.BlogController - getting blog of the day
2022-08-05 00:18:12 [http-nio-9090-exec-6] INFO  c.e.blog.service.UserServiceimpl - serving picture
2022-08-05 00:18:12 [http-nio-9090-exec-6] ERROR c.e.blog.service.UserServiceimpl - picture not found
2022-08-05 00:18:12 [http-nio-9090-exec-7] INFO  c.e.blog.controller.BlogController - getting blog of the day
2022-08-05 00:18:12 [http-nio-9090-exec-9] INFO  c.e.blog.service.UserServiceimpl - serving picture
2022-08-05 00:18:12 [http-nio-9090-exec-9] INFO  c.e.blog.controller.UserController - picture served
2022-08-05 00:18:31 [http-nio-9090-exec-8] INFO  c.e.blog.service.UserServiceimpl - serving picture
2022-08-05 00:18:31 [http-nio-9090-exec-8] INFO  c.e.blog.controller.UserController - picture served
2022-08-05 00:19:11 [http-nio-9090-exec-1] INFO  c.e.blog.controller.BlogController - submitting blog from userid 1
2022-08-05 00:19:11 [http-nio-9090-exec-1] INFO  c.e.blog.service.BlogServiceimpl - user saved in user's profile
2022-08-05 00:19:15 [http-nio-9090-exec-3] INFO  c.e.blog.controller.BlogController - request for all blogs
2022-08-05 00:19:15 [http-nio-9090-exec-3] INFO  c.e.blog.service.BlogServiceimpl - fetching all blogs....
2022-08-05 00:19:15 [http-nio-9090-exec-4] INFO  c.e.blog.service.UserServiceimpl - serving picture
2022-08-05 00:19:15 [http-nio-9090-exec-4] INFO  c.e.blog.controller.UserController - picture served
2022-08-05 00:19:15 [http-nio-9090-exec-3] INFO  c.e.blog.service.BlogServiceimpl - fetched all blogs
2022-08-05 00:19:15 [http-nio-9090-exec-5] INFO  c.e.blog.controller.BlogController - request for all blogs
2022-08-05 00:19:15 [http-nio-9090-exec-5] INFO  c.e.blog.service.BlogServiceimpl - fetching all blogs....
2022-08-05 00:19:15 [http-nio-9090-exec-6] INFO  c.e.blog.service.UserServiceimpl - serving picture
2022-08-05 00:19:15 [http-nio-9090-exec-6] INFO  c.e.blog.controller.UserController - picture served
2022-08-05 00:19:15 [http-nio-9090-exec-5] INFO  c.e.blog.service.BlogServiceimpl - fetched all blogs
2022-08-05 00:19:20 [http-nio-9090-exec-7] INFO  c.e.blog.controller.BlogController - getting blog of the day
2022-08-05 00:19:20 [http-nio-9090-exec-9] INFO  c.e.blog.service.UserServiceimpl - serving picture
2022-08-05 00:19:20 [http-nio-9090-exec-9] ERROR c.e.blog.service.UserServiceimpl - picture not found
2022-08-05 00:19:20 [http-nio-9090-exec-7] INFO  c.e.blog.service.BlogServiceimpl - fetch blog of the day!!
2022-08-05 00:19:20 [http-nio-9090-exec-8] INFO  c.e.blog.controller.BlogController - getting blog of the day
2022-08-05 00:19:20 [http-nio-9090-exec-10] INFO  c.e.blog.service.UserServiceimpl - serving picture
2022-08-05 00:19:20 [http-nio-9090-exec-8] INFO  c.e.blog.service.BlogServiceimpl - fetch blog of the day!!
2022-08-05 00:19:20 [http-nio-9090-exec-10] INFO  c.e.blog.controller.UserController - picture served
2022-08-05 00:19:20 [http-nio-9090-exec-1] INFO  c.e.blog.service.UserServiceimpl - serving picture
2022-08-05 00:19:20 [http-nio-9090-exec-1] INFO  c.e.blog.controller.UserController - picture served
2022-08-05 00:19:28 [http-nio-9090-exec-2] INFO  c.e.blog.controller.BlogController - getting blog of the day
2022-08-05 00:19:28 [http-nio-9090-exec-2] INFO  c.e.blog.service.BlogServiceimpl - fetch blog of the day!!
2022-08-05 00:19:28 [http-nio-9090-exec-4] INFO  c.e.blog.service.UserServiceimpl - serving picture
2022-08-05 00:19:28 [http-nio-9090-exec-4] ERROR c.e.blog.service.UserServiceimpl - picture not found
2022-08-05 00:19:28 [http-nio-9090-exec-4] INFO  c.e.blog.controller.BlogController - getting blog of the day
2022-08-05 00:19:28 [http-nio-9090-exec-4] INFO  c.e.blog.service.BlogServiceimpl - fetch blog of the day!!
2022-08-05 00:19:28 [http-nio-9090-exec-6] INFO  c.e.blog.service.UserServiceimpl - serving picture
2022-08-05 00:19:28 [http-nio-9090-exec-6] INFO  c.e.blog.controller.UserController - picture served
2022-08-05 00:19:33 [http-nio-9090-exec-5] INFO  c.e.blog.service.UserServiceimpl - serving picture
2022-08-05 00:19:33 [http-nio-9090-exec-5] INFO  c.e.blog.controller.UserController - picture served
2022-08-05 00:19:56 [http-nio-9090-exec-9] INFO  c.e.blog.service.UserServiceimpl - serving picture
2022-08-05 00:19:56 [http-nio-9090-exec-9] INFO  c.e.blog.controller.UserController - picture served
2022-08-05 00:20:08 [http-nio-9090-exec-10] INFO  c.e.blog.controller.VoteController - voting start
2022-08-05 00:20:08 [http-nio-9090-exec-10] INFO  c.e.blog.service.VoteServiceimpl - vote complete for user 1
2022-08-05 00:20:15 [http-nio-9090-exec-1] INFO  c.e.blog.controller.BlogController - getting blog of the day
2022-08-05 00:20:15 [http-nio-9090-exec-2] INFO  c.e.blog.service.UserServiceimpl - serving picture
2022-08-05 00:20:15 [http-nio-9090-exec-2] ERROR c.e.blog.service.UserServiceimpl - picture not found
2022-08-05 00:20:15 [http-nio-9090-exec-1] INFO  c.e.blog.service.BlogServiceimpl - fetch blog of the day!!
2022-08-05 00:20:15 [http-nio-9090-exec-3] INFO  c.e.blog.controller.BlogController - getting blog of the day
2022-08-05 00:20:15 [http-nio-9090-exec-4] INFO  c.e.blog.service.UserServiceimpl - serving picture
2022-08-05 00:20:15 [http-nio-9090-exec-4] INFO  c.e.blog.controller.UserController - picture served
2022-08-05 00:20:15 [http-nio-9090-exec-3] INFO  c.e.blog.service.BlogServiceimpl - fetch blog of the day!!
2022-08-05 00:20:15 [http-nio-9090-exec-6] INFO  c.e.blog.service.UserServiceimpl - serving picture
2022-08-05 00:20:15 [http-nio-9090-exec-6] INFO  c.e.blog.controller.UserController - picture served
2022-08-05 00:20:19 [http-nio-9090-exec-2] INFO  c.e.blog.controller.BlogController - request for all blogs
2022-08-05 00:20:19 [http-nio-9090-exec-2] INFO  c.e.blog.service.BlogServiceimpl - fetching all blogs....
2022-08-05 00:20:19 [http-nio-9090-exec-1] INFO  c.e.blog.service.UserServiceimpl - serving picture
2022-08-05 00:20:19 [http-nio-9090-exec-1] INFO  c.e.blog.controller.UserController - picture served
2022-08-05 00:20:19 [http-nio-9090-exec-2] INFO  c.e.blog.service.BlogServiceimpl - fetched all blogs
2022-08-05 00:20:19 [http-nio-9090-exec-4] INFO  c.e.blog.controller.BlogController - request for all blogs
2022-08-05 00:20:19 [http-nio-9090-exec-4] INFO  c.e.blog.service.BlogServiceimpl - fetching all blogs....
2022-08-05 00:20:19 [http-nio-9090-exec-4] INFO  c.e.blog.service.BlogServiceimpl - fetched all blogs
2022-08-05 00:20:19 [http-nio-9090-exec-3] INFO  c.e.blog.service.UserServiceimpl - serving picture
2022-08-05 00:20:19 [http-nio-9090-exec-3] INFO  c.e.blog.controller.UserController - picture served
2022-08-05 00:20:27 [http-nio-9090-exec-6] INFO  c.e.blog.service.UserServiceimpl - serving picture
2022-08-05 00:20:27 [http-nio-9090-exec-6] INFO  c.e.blog.controller.UserController - picture served
2022-08-05 00:20:37 [http-nio-9090-exec-7] INFO  c.e.blog.service.UserServiceimpl - serving picture
2022-08-05 00:20:37 [http-nio-9090-exec-7] INFO  c.e.blog.controller.UserController - picture served
2022-08-05 00:20:40 [http-nio-9090-exec-9] INFO  c.e.blog.service.UserServiceimpl - serving picture
2022-08-05 00:20:40 [http-nio-9090-exec-9] INFO  c.e.blog.controller.UserController - picture served
2022-08-05 00:20:46 [http-nio-9090-exec-10] INFO  c.e.blog.controller.BlogController - Edit started for blog 1 by user 1
2022-08-05 00:20:46 [http-nio-9090-exec-10] INFO  c.e.blog.service.BlogServiceimpl - Last edited date of this blog was 05-08-2022
2022-08-05 00:20:46 [http-nio-9090-exec-10] INFO  c.e.blog.service.BlogServiceimpl - blog edited successfully on 05-08-2022
2022-08-05 00:20:48 [http-nio-9090-exec-8] INFO  c.e.blog.controller.BlogController - request for all blogs
2022-08-05 00:20:48 [http-nio-9090-exec-1] INFO  c.e.blog.service.UserServiceimpl - serving picture
2022-08-05 00:20:48 [http-nio-9090-exec-8] INFO  c.e.blog.service.BlogServiceimpl - fetching all blogs....
2022-08-05 00:20:48 [http-nio-9090-exec-1] INFO  c.e.blog.controller.UserController - picture served
2022-08-05 00:20:48 [http-nio-9090-exec-8] INFO  c.e.blog.service.BlogServiceimpl - fetched all blogs
2022-08-05 00:20:48 [http-nio-9090-exec-2] INFO  c.e.blog.controller.BlogController - request for all blogs
2022-08-05 00:20:48 [http-nio-9090-exec-2] INFO  c.e.blog.service.BlogServiceimpl - fetching all blogs....
2022-08-05 00:20:48 [http-nio-9090-exec-4] INFO  c.e.blog.service.UserServiceimpl - serving picture
2022-08-05 00:20:48 [http-nio-9090-exec-4] INFO  c.e.blog.controller.UserController - picture served
2022-08-05 00:20:48 [http-nio-9090-exec-2] INFO  c.e.blog.service.BlogServiceimpl - fetched all blogs
2022-08-05 00:20:51 [http-nio-9090-exec-3] INFO  c.e.blog.controller.BlogController - getting blog of the day
2022-08-05 00:20:51 [http-nio-9090-exec-6] INFO  c.e.blog.service.UserServiceimpl - serving picture
2022-08-05 00:20:51 [http-nio-9090-exec-6] ERROR c.e.blog.service.UserServiceimpl - picture not found
2022-08-05 00:20:51 [http-nio-9090-exec-3] INFO  c.e.blog.service.BlogServiceimpl - fetch blog of the day!!
2022-08-05 00:20:51 [http-nio-9090-exec-7] INFO  c.e.blog.controller.BlogController - getting blog of the day
2022-08-05 00:20:51 [http-nio-9090-exec-9] INFO  c.e.blog.service.UserServiceimpl - serving picture
2022-08-05 00:20:51 [http-nio-9090-exec-9] INFO  c.e.blog.controller.UserController - picture served
2022-08-05 00:20:51 [http-nio-9090-exec-7] INFO  c.e.blog.service.BlogServiceimpl - fetch blog of the day!!
2022-08-05 00:20:51 [http-nio-9090-exec-5] INFO  c.e.blog.service.UserServiceimpl - serving picture
2022-08-05 00:20:51 [http-nio-9090-exec-5] INFO  c.e.blog.controller.UserController - picture served
2022-08-05 00:21:16 [http-nio-9090-exec-4] INFO  c.e.blog.controller.BlogController - getting blog of the day
2022-08-05 00:21:16 [http-nio-9090-exec-4] INFO  c.e.blog.service.BlogServiceimpl - fetch blog of the day!!
2022-08-05 00:21:16 [http-nio-9090-exec-2] INFO  c.e.blog.service.UserServiceimpl - serving picture
2022-08-05 00:21:16 [http-nio-9090-exec-2] ERROR c.e.blog.service.UserServiceimpl - picture not found
2022-08-05 00:21:16 [http-nio-9090-exec-6] INFO  c.e.blog.controller.BlogController - getting blog of the day
2022-08-05 00:21:16 [http-nio-9090-exec-6] INFO  c.e.blog.service.BlogServiceimpl - fetch blog of the day!!
2022-08-05 00:21:17 [http-nio-9090-exec-3] INFO  c.e.blog.service.UserServiceimpl - serving picture
2022-08-05 00:21:17 [http-nio-9090-exec-3] INFO  c.e.blog.controller.UserController - picture served
2022-08-05 00:21:19 [http-nio-9090-exec-9] INFO  c.e.blog.service.UserServiceimpl - serving picture
2022-08-05 00:21:19 [http-nio-9090-exec-9] INFO  c.e.blog.controller.UserController - picture served
2022-08-05 00:21:48 [http-nio-9090-exec-7] INFO  c.e.blog.controller.BlogController - request for all blogs
2022-08-05 00:21:48 [http-nio-9090-exec-7] INFO  c.e.blog.service.BlogServiceimpl - fetching all blogs....
2022-08-05 00:21:48 [http-nio-9090-exec-7] INFO  c.e.blog.service.BlogServiceimpl - fetched all blogs
2022-08-05 00:21:48 [http-nio-9090-exec-5] INFO  c.e.blog.controller.BlogController - request for all blogs
2022-08-05 00:21:48 [http-nio-9090-exec-5] INFO  c.e.blog.service.BlogServiceimpl - fetching all blogs....
2022-08-05 00:21:48 [http-nio-9090-exec-5] INFO  c.e.blog.service.BlogServiceimpl - fetched all blogs
2022-08-05 00:21:48 [http-nio-9090-exec-10] INFO  c.e.blog.service.UserServiceimpl - serving picture
2022-08-05 00:21:48 [http-nio-9090-exec-10] INFO  c.e.blog.controller.UserController - picture served
2022-08-05 00:21:54 [http-nio-9090-exec-1] INFO  c.e.blog.service.UserServiceimpl - serving picture
2022-08-05 00:21:54 [http-nio-9090-exec-1] INFO  c.e.blog.controller.UserController - picture served
2022-08-05 00:22:50 [http-nio-9090-exec-2] INFO  c.e.blog.service.UserServiceimpl - serving picture
2022-08-05 00:22:50 [http-nio-9090-exec-2] INFO  c.e.blog.controller.UserController - picture served
2022-08-05 00:22:59 [http-nio-9090-exec-9] WARN  c.e.blog.controller.BlogController - delete blog request for id 1
2022-08-05 00:22:59 [http-nio-9090-exec-9] INFO  c.e.blog.service.BlogServiceimpl - blog deleted successfully
2022-08-05 00:23:02 [http-nio-9090-exec-7] INFO  c.e.blog.controller.BlogController - request for all blogs
2022-08-05 00:23:02 [http-nio-9090-exec-7] INFO  c.e.blog.service.BlogServiceimpl - fetching all blogs....
2022-08-05 00:23:02 [http-nio-9090-exec-5] INFO  c.e.blog.service.UserServiceimpl - serving picture
2022-08-05 00:23:02 [http-nio-9090-exec-7] INFO  c.e.blog.service.BlogServiceimpl - fetched all blogs
2022-08-05 00:23:02 [http-nio-9090-exec-5] INFO  c.e.blog.controller.UserController - picture served
2022-08-05 00:23:02 [http-nio-9090-exec-10] INFO  c.e.blog.controller.BlogController - request for all blogs
2022-08-05 00:23:02 [http-nio-9090-exec-10] INFO  c.e.blog.service.BlogServiceimpl - fetching all blogs....
2022-08-05 00:23:02 [http-nio-9090-exec-10] INFO  c.e.blog.service.BlogServiceimpl - fetched all blogs
2022-08-05 00:23:30 [http-nio-9090-exec-1] INFO  c.e.blog.controller.BlogController - getting blog of the day
2022-08-05 00:23:30 [http-nio-9090-exec-8] INFO  c.e.blog.service.UserServiceimpl - serving picture
2022-08-05 00:23:30 [http-nio-9090-exec-8] ERROR c.e.blog.service.UserServiceimpl - picture not found
2022-08-05 00:23:30 [http-nio-9090-exec-4] INFO  c.e.blog.controller.BlogController - getting blog of the day
2022-08-05 00:26:02 [http-nio-9090-exec-7] INFO  c.e.blog.controller.BlogController - getting blog of the day
2022-08-05 00:26:04 [http-nio-9090-exec-10] INFO  c.e.blog.controller.BlogController - getting blog of the day
2022-08-05 00:26:10 [http-nio-9090-exec-1] INFO  c.e.blog.controller.BlogController - getting blog of the day
2022-08-05 00:28:27 [http-nio-9090-exec-4] INFO  c.e.blog.controller.BlogController - getting blog of the day
2022-08-05 00:28:27 [http-nio-9090-exec-6] INFO  c.e.blog.service.UserServiceimpl - serving picture
2022-08-05 00:28:27 [http-nio-9090-exec-6] ERROR c.e.blog.service.UserServiceimpl - picture not found
2022-08-05 00:28:27 [http-nio-9090-exec-2] INFO  c.e.blog.controller.BlogController - getting blog of the day
2022-08-05 00:28:27 [http-nio-9090-exec-3] INFO  c.e.blog.service.UserServiceimpl - serving picture
2022-08-05 00:28:27 [http-nio-9090-exec-3] INFO  c.e.blog.controller.UserController - picture served
2022-08-05 00:29:09 [http-nio-9090-exec-9] INFO  c.e.blog.service.UserServiceimpl - serving picture
2022-08-05 00:29:09 [http-nio-9090-exec-9] INFO  c.e.blog.controller.UserController - picture served
2022-08-05 00:29:45 [http-nio-9090-exec-10] INFO  c.e.blog.controller.BlogController - submitting blog from userid 1
2022-08-05 00:29:45 [http-nio-9090-exec-10] INFO  c.e.blog.service.BlogServiceimpl - user saved in user's profile
2022-08-05 00:29:48 [http-nio-9090-exec-1] INFO  c.e.blog.controller.BlogController - request for all blogs
2022-08-05 00:29:48 [http-nio-9090-exec-1] INFO  c.e.blog.service.BlogServiceimpl - fetching all blogs....
2022-08-05 00:29:48 [http-nio-9090-exec-8] INFO  c.e.blog.service.UserServiceimpl - serving picture
2022-08-05 00:29:48 [http-nio-9090-exec-8] INFO  c.e.blog.controller.UserController - picture served
2022-08-05 00:29:48 [http-nio-9090-exec-1] INFO  c.e.blog.service.BlogServiceimpl - fetched all blogs
2022-08-05 00:29:48 [http-nio-9090-exec-4] INFO  c.e.blog.controller.BlogController - request for all blogs
2022-08-05 00:29:48 [http-nio-9090-exec-4] INFO  c.e.blog.service.BlogServiceimpl - fetching all blogs....
2022-08-05 00:29:48 [http-nio-9090-exec-6] INFO  c.e.blog.service.UserServiceimpl - serving picture
2022-08-05 00:29:48 [http-nio-9090-exec-6] INFO  c.e.blog.controller.UserController - picture served
2022-08-05 00:29:48 [http-nio-9090-exec-4] INFO  c.e.blog.service.BlogServiceimpl - fetched all blogs
2022-08-05 00:29:57 [http-nio-9090-exec-2] INFO  c.e.blog.service.UserServiceimpl - serving picture
2022-08-05 00:29:57 [http-nio-9090-exec-2] INFO  c.e.blog.controller.UserController - picture served
2022-08-05 00:30:03 [http-nio-9090-exec-3] INFO  c.e.blog.controller.BlogController - request for all blogs
2022-08-05 00:30:03 [http-nio-9090-exec-3] INFO  c.e.blog.service.BlogServiceimpl - fetching all blogs....
2022-08-05 00:30:03 [http-nio-9090-exec-9] INFO  c.e.blog.service.UserServiceimpl - serving picture
2022-08-05 00:30:03 [http-nio-9090-exec-9] INFO  c.e.blog.controller.UserController - picture served
2022-08-05 00:30:03 [http-nio-9090-exec-3] INFO  c.e.blog.service.BlogServiceimpl - fetched all blogs
2022-08-05 00:30:03 [http-nio-9090-exec-5] INFO  c.e.blog.controller.BlogController - request for all blogs
2022-08-05 00:30:03 [http-nio-9090-exec-5] INFO  c.e.blog.service.BlogServiceimpl - fetching all blogs....
2022-08-05 00:30:03 [http-nio-9090-exec-5] INFO  c.e.blog.service.BlogServiceimpl - fetched all blogs
2022-08-05 00:30:03 [http-nio-9090-exec-7] INFO  c.e.blog.service.UserServiceimpl - serving picture
2022-08-05 00:30:03 [http-nio-9090-exec-7] INFO  c.e.blog.controller.UserController - picture served
2022-08-05 00:30:04 [http-nio-9090-exec-10] INFO  c.e.blog.service.UserServiceimpl - serving picture
2022-08-05 00:30:04 [http-nio-9090-exec-10] INFO  c.e.blog.controller.UserController - picture served
2022-08-05 00:30:30 [http-nio-9090-exec-1] INFO  c.e.blog.controller.BlogController - submitting blog from userid 1
2022-08-05 00:30:30 [http-nio-9090-exec-1] INFO  c.e.blog.service.BlogServiceimpl - user saved in user's profile
2022-08-05 00:30:32 [http-nio-9090-exec-6] INFO  c.e.blog.controller.BlogController - request for all blogs
2022-08-05 00:30:32 [http-nio-9090-exec-6] INFO  c.e.blog.service.BlogServiceimpl - fetching all blogs....
2022-08-05 00:30:32 [http-nio-9090-exec-4] INFO  c.e.blog.service.UserServiceimpl - serving picture
2022-08-05 00:30:32 [http-nio-9090-exec-4] INFO  c.e.blog.controller.UserController - picture served
2022-08-05 00:30:32 [http-nio-9090-exec-6] INFO  c.e.blog.service.BlogServiceimpl - fetched all blogs
2022-08-05 00:30:32 [http-nio-9090-exec-6] INFO  c.e.blog.controller.BlogController - request for all blogs
2022-08-05 00:30:32 [http-nio-9090-exec-6] INFO  c.e.blog.service.BlogServiceimpl - fetching all blogs....
2022-08-05 00:30:32 [http-nio-9090-exec-9] INFO  c.e.blog.service.UserServiceimpl - serving picture
2022-08-05 00:30:32 [http-nio-9090-exec-6] INFO  c.e.blog.service.BlogServiceimpl - fetched all blogs
2022-08-05 00:30:32 [http-nio-9090-exec-9] INFO  c.e.blog.controller.UserController - picture served
2022-08-05 00:30:39 [http-nio-9090-exec-3] INFO  c.e.blog.controller.BlogController - getting blog of the day
2022-08-05 00:30:39 [http-nio-9090-exec-3] INFO  c.e.blog.service.BlogServiceimpl - fetch blog of the day!!
2022-08-05 00:30:39 [http-nio-9090-exec-7] INFO  c.e.blog.service.UserServiceimpl - serving picture
2022-08-05 00:30:39 [http-nio-9090-exec-7] ERROR c.e.blog.service.UserServiceimpl - picture not found
2022-08-05 00:30:39 [http-nio-9090-exec-5] INFO  c.e.blog.controller.BlogController - getting blog of the day
2022-08-05 00:30:39 [http-nio-9090-exec-5] INFO  c.e.blog.service.BlogServiceimpl - fetch blog of the day!!
2022-08-05 00:30:39 [http-nio-9090-exec-10] INFO  c.e.blog.service.UserServiceimpl - serving picture
2022-08-05 00:30:39 [http-nio-9090-exec-10] INFO  c.e.blog.controller.UserController - picture served
2022-08-05 00:31:17 [http-nio-9090-exec-8] INFO  c.e.blog.service.UserServiceimpl - serving picture
2022-08-05 00:31:17 [http-nio-9090-exec-8] INFO  c.e.blog.controller.UserController - picture served
2022-08-05 00:31:18 [http-nio-9090-exec-4] INFO  c.e.blog.controller.VoteController - voting start
2022-08-05 00:31:18 [http-nio-9090-exec-4] INFO  c.e.blog.service.VoteServiceimpl - vote complete for user 1
2022-08-05 00:31:22 [http-nio-9090-exec-2] INFO  c.e.blog.controller.BlogController - request for all blogs
2022-08-05 00:31:22 [http-nio-9090-exec-2] INFO  c.e.blog.service.BlogServiceimpl - fetching all blogs....
2022-08-05 00:31:22 [http-nio-9090-exec-9] INFO  c.e.blog.service.UserServiceimpl - serving picture
2022-08-05 00:31:22 [http-nio-9090-exec-9] INFO  c.e.blog.controller.UserController - picture served
2022-08-05 00:31:22 [http-nio-9090-exec-2] INFO  c.e.blog.service.BlogServiceimpl - fetched all blogs
2022-08-05 00:31:22 [http-nio-9090-exec-6] INFO  c.e.blog.controller.BlogController - request for all blogs
2022-08-05 00:31:22 [http-nio-9090-exec-6] INFO  c.e.blog.service.BlogServiceimpl - fetching all blogs....
2022-08-05 00:31:22 [http-nio-9090-exec-3] INFO  c.e.blog.service.UserServiceimpl - serving picture
2022-08-05 00:31:22 [http-nio-9090-exec-6] INFO  c.e.blog.service.BlogServiceimpl - fetched all blogs
2022-08-05 00:31:22 [http-nio-9090-exec-3] INFO  c.e.blog.controller.UserController - picture served
2022-08-05 00:31:26 [http-nio-9090-exec-7] INFO  c.e.blog.controller.BlogController - getting blog of the day
2022-08-05 00:31:26 [http-nio-9090-exec-7] INFO  c.e.blog.service.BlogServiceimpl - fetch blog of the day!!
2022-08-05 00:31:26 [http-nio-9090-exec-5] INFO  c.e.blog.service.UserServiceimpl - serving picture
2022-08-05 00:31:26 [http-nio-9090-exec-5] ERROR c.e.blog.service.UserServiceimpl - picture not found
2022-08-05 00:31:26 [http-nio-9090-exec-10] INFO  c.e.blog.controller.BlogController - getting blog of the day
2022-08-05 00:31:26 [http-nio-9090-exec-10] INFO  c.e.blog.service.BlogServiceimpl - fetch blog of the day!!
2022-08-05 00:31:26 [http-nio-9090-exec-8] INFO  c.e.blog.service.UserServiceimpl - serving picture
2022-08-05 00:31:26 [http-nio-9090-exec-8] INFO  c.e.blog.controller.UserController - picture served
2022-08-05 00:31:36 [http-nio-9090-exec-4] INFO  c.e.blog.service.UserServiceimpl - serving picture
2022-08-05 00:31:36 [http-nio-9090-exec-4] INFO  c.e.blog.controller.UserController - picture served
2022-08-05 00:31:41 [http-nio-9090-exec-9] INFO  c.e.blog.controller.BlogController - request for all blogs
2022-08-05 00:31:41 [http-nio-9090-exec-9] INFO  c.e.blog.service.BlogServiceimpl - fetching all blogs....
2022-08-05 00:31:41 [http-nio-9090-exec-9] INFO  c.e.blog.service.BlogServiceimpl - fetched all blogs
2022-08-05 00:31:41 [http-nio-9090-exec-2] INFO  c.e.blog.controller.BlogController - request for all blogs
2022-08-05 00:31:41 [http-nio-9090-exec-2] INFO  c.e.blog.service.BlogServiceimpl - fetching all blogs....
2022-08-05 00:31:41 [http-nio-9090-exec-2] INFO  c.e.blog.service.BlogServiceimpl - fetched all blogs
2022-08-05 00:31:41 [http-nio-9090-exec-3] INFO  c.e.blog.service.UserServiceimpl - serving picture
2022-08-05 00:31:41 [http-nio-9090-exec-3] INFO  c.e.blog.controller.UserController - picture served
2022-08-05 00:31:45 [http-nio-9090-exec-6] INFO  c.e.blog.service.UserServiceimpl - serving picture
2022-08-05 00:31:45 [http-nio-9090-exec-6] INFO  c.e.blog.controller.UserController - picture served
2022-08-05 00:31:48 [http-nio-9090-exec-7] INFO  c.e.blog.controller.BlogController - request for all blogs
2022-08-05 00:31:48 [http-nio-9090-exec-7] INFO  c.e.blog.service.BlogServiceimpl - fetching all blogs....
2022-08-05 00:31:48 [http-nio-9090-exec-7] INFO  c.e.blog.service.BlogServiceimpl - fetched all blogs
2022-08-05 00:31:48 [http-nio-9090-exec-5] INFO  c.e.blog.controller.BlogController - request for all blogs
2022-08-05 00:31:48 [http-nio-9090-exec-5] INFO  c.e.blog.service.BlogServiceimpl - fetching all blogs....
2022-08-05 00:31:48 [http-nio-9090-exec-10] INFO  c.e.blog.service.UserServiceimpl - serving picture
2022-08-05 00:31:48 [http-nio-9090-exec-10] INFO  c.e.blog.controller.UserController - picture served
2022-08-05 00:31:48 [http-nio-9090-exec-5] INFO  c.e.blog.service.BlogServiceimpl - fetched all blogs
2022-08-05 00:31:49 [http-nio-9090-exec-8] INFO  c.e.blog.service.UserServiceimpl - serving picture
2022-08-05 00:31:49 [http-nio-9090-exec-8] INFO  c.e.blog.controller.UserController - picture served
2022-08-05 00:31:51 [http-nio-9090-exec-1] INFO  c.e.blog.controller.BlogController - request for all blogs
2022-08-05 00:31:51 [http-nio-9090-exec-1] INFO  c.e.blog.service.BlogServiceimpl - fetching all blogs....
2022-08-05 00:31:51 [http-nio-9090-exec-1] INFO  c.e.blog.service.BlogServiceimpl - fetched all blogs
2022-08-05 00:31:51 [http-nio-9090-exec-4] INFO  c.e.blog.controller.BlogController - request for all blogs
2022-08-05 00:31:51 [http-nio-9090-exec-4] INFO  c.e.blog.service.BlogServiceimpl - fetching all blogs....
2022-08-05 00:31:51 [http-nio-9090-exec-9] INFO  c.e.blog.service.UserServiceimpl - serving picture
2022-08-05 00:31:51 [http-nio-9090-exec-9] INFO  c.e.blog.controller.UserController - picture served
2022-08-05 00:31:51 [http-nio-9090-exec-4] INFO  c.e.blog.service.BlogServiceimpl - fetched all blogs
2022-08-05 00:31:52 [http-nio-9090-exec-3] INFO  c.e.blog.service.UserServiceimpl - serving picture
2022-08-05 00:31:52 [http-nio-9090-exec-3] INFO  c.e.blog.controller.UserController - picture served
2022-08-05 00:31:55 [http-nio-9090-exec-2] INFO  c.e.blog.controller.BlogController - request for all blogs
2022-08-05 00:31:55 [http-nio-9090-exec-2] INFO  c.e.blog.service.BlogServiceimpl - fetching all blogs....
2022-08-05 00:31:55 [http-nio-9090-exec-2] INFO  c.e.blog.service.BlogServiceimpl - fetched all blogs
2022-08-05 00:31:55 [http-nio-9090-exec-6] INFO  c.e.blog.controller.BlogController - request for all blogs
2022-08-05 00:31:55 [http-nio-9090-exec-6] INFO  c.e.blog.service.BlogServiceimpl - fetching all blogs....
2022-08-05 00:31:55 [http-nio-9090-exec-7] INFO  c.e.blog.service.UserServiceimpl - serving picture
2022-08-05 00:31:55 [http-nio-9090-exec-7] INFO  c.e.blog.controller.UserController - picture served
2022-08-05 00:31:55 [http-nio-9090-exec-6] INFO  c.e.blog.service.BlogServiceimpl - fetched all blogs
2022-08-05 00:31:56 [http-nio-9090-exec-10] INFO  c.e.blog.service.UserServiceimpl - serving picture
2022-08-05 00:31:56 [http-nio-9090-exec-10] INFO  c.e.blog.controller.UserController - picture served
2022-08-05 00:31:58 [http-nio-9090-exec-5] INFO  c.e.blog.controller.BlogController - request for all blogs
2022-08-05 00:31:58 [http-nio-9090-exec-5] INFO  c.e.blog.service.BlogServiceimpl - fetching all blogs....
2022-08-05 00:31:58 [http-nio-9090-exec-5] INFO  c.e.blog.service.BlogServiceimpl - fetched all blogs
2022-08-05 00:31:58 [http-nio-9090-exec-8] INFO  c.e.blog.controller.BlogController - request for all blogs
2022-08-05 00:31:58 [http-nio-9090-exec-8] INFO  c.e.blog.service.BlogServiceimpl - fetching all blogs....
2022-08-05 00:31:58 [http-nio-9090-exec-1] INFO  c.e.blog.service.UserServiceimpl - serving picture
2022-08-05 00:31:58 [http-nio-9090-exec-1] INFO  c.e.blog.controller.UserController - picture served
2022-08-05 00:31:58 [http-nio-9090-exec-8] INFO  c.e.blog.service.BlogServiceimpl - fetched all blogs
2022-08-05 00:32:00 [http-nio-9090-exec-9] INFO  c.e.blog.service.UserServiceimpl - serving picture
2022-08-05 00:32:00 [http-nio-9090-exec-9] INFO  c.e.blog.controller.UserController - picture served
2022-08-05 00:32:01 [http-nio-9090-exec-4] INFO  c.e.blog.controller.BlogController - request for all blogs
2022-08-05 00:32:01 [http-nio-9090-exec-4] INFO  c.e.blog.service.BlogServiceimpl - fetching all blogs....
2022-08-05 00:32:02 [http-nio-9090-exec-4] INFO  c.e.blog.service.BlogServiceimpl - fetched all blogs
2022-08-05 00:32:02 [http-nio-9090-exec-3] INFO  c.e.blog.controller.BlogController - request for all blogs
2022-08-05 00:32:02 [http-nio-9090-exec-3] INFO  c.e.blog.service.BlogServiceimpl - fetching all blogs....
2022-08-05 00:32:02 [http-nio-9090-exec-2] INFO  c.e.blog.service.UserServiceimpl - serving picture
2022-08-05 00:32:02 [http-nio-9090-exec-2] INFO  c.e.blog.controller.UserController - picture served
2022-08-05 00:32:02 [http-nio-9090-exec-3] INFO  c.e.blog.service.BlogServiceimpl - fetched all blogs
2022-08-05 00:32:02 [http-nio-9090-exec-7] INFO  c.e.blog.service.UserServiceimpl - serving picture
2022-08-05 00:32:02 [http-nio-9090-exec-7] INFO  c.e.blog.controller.UserController - picture served
2022-08-05 00:32:04 [http-nio-9090-exec-6] INFO  c.e.blog.controller.BlogController - request for all blogs
2022-08-05 00:32:04 [http-nio-9090-exec-6] INFO  c.e.blog.service.BlogServiceimpl - fetching all blogs....
2022-08-05 00:32:04 [http-nio-9090-exec-6] INFO  c.e.blog.service.BlogServiceimpl - fetched all blogs
2022-08-05 00:32:04 [http-nio-9090-exec-10] INFO  c.e.blog.controller.BlogController - request for all blogs
2022-08-05 00:32:04 [http-nio-9090-exec-10] INFO  c.e.blog.service.BlogServiceimpl - fetching all blogs....
2022-08-05 00:32:04 [http-nio-9090-exec-10] INFO  c.e.blog.service.BlogServiceimpl - fetched all blogs
2022-08-05 00:32:04 [http-nio-9090-exec-5] INFO  c.e.blog.service.UserServiceimpl - serving picture
2022-08-05 00:32:04 [http-nio-9090-exec-5] INFO  c.e.blog.controller.UserController - picture served
2022-08-05 00:32:05 [http-nio-9090-exec-1] INFO  c.e.blog.service.UserServiceimpl - serving picture
2022-08-05 00:32:05 [http-nio-9090-exec-1] INFO  c.e.blog.controller.UserController - picture served
2022-08-05 00:32:13 [http-nio-9090-exec-8] INFO  c.e.blog.controller.BlogController - request for all blogs
2022-08-05 00:32:13 [http-nio-9090-exec-8] INFO  c.e.blog.service.BlogServiceimpl - fetching all blogs....
2022-08-05 00:32:13 [http-nio-9090-exec-8] INFO  c.e.blog.service.BlogServiceimpl - fetched all blogs
2022-08-05 00:32:13 [http-nio-9090-exec-9] INFO  c.e.blog.controller.BlogController - request for all blogs
2022-08-05 00:32:13 [http-nio-9090-exec-9] INFO  c.e.blog.service.BlogServiceimpl - fetching all blogs....
2022-08-05 00:32:13 [http-nio-9090-exec-4] INFO  c.e.blog.service.UserServiceimpl - serving picture
2022-08-05 00:32:13 [http-nio-9090-exec-4] INFO  c.e.blog.controller.UserController - picture served
2022-08-05 00:32:13 [http-nio-9090-exec-9] INFO  c.e.blog.service.BlogServiceimpl - fetched all blogs
2022-08-05 00:32:54 [http-nio-9090-exec-7] INFO  c.e.blog.service.UserServiceimpl - serving picture
2022-08-05 00:32:54 [http-nio-9090-exec-7] INFO  c.e.blog.controller.UserController - picture served
2022-08-05 00:32:57 [http-nio-9090-exec-6] INFO  c.e.blog.controller.BlogController - request for all blogs
2022-08-05 00:32:57 [http-nio-9090-exec-6] INFO  c.e.blog.service.BlogServiceimpl - fetching all blogs....
2022-08-05 00:32:57 [http-nio-9090-exec-10] INFO  c.e.blog.service.UserServiceimpl - serving picture
2022-08-05 00:32:57 [http-nio-9090-exec-10] INFO  c.e.blog.controller.UserController - picture served
2022-08-05 00:32:57 [http-nio-9090-exec-6] INFO  c.e.blog.service.BlogServiceimpl - fetched all blogs
2022-08-05 00:32:57 [http-nio-9090-exec-5] INFO  c.e.blog.controller.BlogController - request for all blogs
2022-08-05 00:32:57 [http-nio-9090-exec-5] INFO  c.e.blog.service.BlogServiceimpl - fetching all blogs....
2022-08-05 00:32:57 [http-nio-9090-exec-5] INFO  c.e.blog.service.BlogServiceimpl - fetched all blogs
2022-08-05 00:32:57 [http-nio-9090-exec-1] INFO  c.e.blog.service.UserServiceimpl - serving picture
2022-08-05 00:32:58 [http-nio-9090-exec-1] INFO  c.e.blog.controller.UserController - picture served
2022-08-05 00:33:01 [http-nio-9090-exec-8] INFO  c.e.blog.service.UserServiceimpl - serving picture
2022-08-05 00:33:01 [http-nio-9090-exec-8] INFO  c.e.blog.controller.UserController - picture served
2022-08-05 00:33:35 [http-nio-9090-exec-7] INFO  c.e.blog.controller.VoteController - voting start
2022-08-05 00:33:35 [http-nio-9090-exec-7] INFO  c.e.blog.service.VoteServiceimpl - vote complete for user 1
2022-08-05 00:33:59 [http-nio-9090-exec-10] INFO  c.e.blog.controller.BlogController - request for all blogs
2022-08-05 00:33:59 [http-nio-9090-exec-10] INFO  c.e.blog.service.BlogServiceimpl - fetching all blogs....
2022-08-05 00:33:59 [http-nio-9090-exec-6] INFO  c.e.blog.service.UserServiceimpl - serving picture
2022-08-05 00:33:59 [http-nio-9090-exec-6] INFO  c.e.blog.controller.UserController - picture served
2022-08-05 00:33:59 [http-nio-9090-exec-10] INFO  c.e.blog.service.BlogServiceimpl - fetched all blogs
2022-08-05 00:33:59 [http-nio-9090-exec-1] INFO  c.e.blog.controller.BlogController - request for all blogs
2022-08-05 00:33:59 [http-nio-9090-exec-1] INFO  c.e.blog.service.BlogServiceimpl - fetching all blogs....
2022-08-05 00:33:59 [http-nio-9090-exec-5] INFO  c.e.blog.service.UserServiceimpl - serving picture
2022-08-05 00:33:59 [http-nio-9090-exec-1] INFO  c.e.blog.service.BlogServiceimpl - fetched all blogs
2022-08-05 00:33:59 [http-nio-9090-exec-5] INFO  c.e.blog.controller.UserController - picture served
2022-08-05 00:34:01 [http-nio-9090-exec-8] INFO  c.e.blog.service.UserServiceimpl - serving picture
2022-08-05 00:34:01 [http-nio-9090-exec-8] INFO  c.e.blog.controller.UserController - picture served
2022-08-05 00:34:02 [http-nio-9090-exec-9] INFO  c.e.blog.controller.VoteController - voting start
2022-08-05 00:34:02 [http-nio-9090-exec-9] WARN  c.e.blog.service.VoteServiceimpl - unvoting blog 3 by user 1
2022-08-05 00:34:07 [http-nio-9090-exec-3] INFO  c.e.blog.controller.BlogController - request for all blogs
2022-08-05 00:34:07 [http-nio-9090-exec-3] INFO  c.e.blog.service.BlogServiceimpl - fetching all blogs....
2022-08-05 00:34:07 [http-nio-9090-exec-2] INFO  c.e.blog.service.UserServiceimpl - serving picture
2022-08-05 00:34:07 [http-nio-9090-exec-2] INFO  c.e.blog.controller.UserController - picture served
2022-08-05 00:34:07 [http-nio-9090-exec-3] INFO  c.e.blog.service.BlogServiceimpl - fetched all blogs
2022-08-05 00:34:07 [http-nio-9090-exec-7] INFO  c.e.blog.controller.BlogController - request for all blogs
2022-08-05 00:34:07 [http-nio-9090-exec-7] INFO  c.e.blog.service.BlogServiceimpl - fetching all blogs....
2022-08-05 00:34:07 [http-nio-9090-exec-6] INFO  c.e.blog.service.UserServiceimpl - serving picture
2022-08-05 00:34:07 [http-nio-9090-exec-6] INFO  c.e.blog.controller.UserController - picture served
2022-08-05 00:34:07 [http-nio-9090-exec-7] INFO  c.e.blog.service.BlogServiceimpl - fetched all blogs
2022-08-05 00:34:12 [http-nio-9090-exec-10] INFO  c.e.blog.controller.BlogController - getting blog of the day
2022-08-05 00:34:12 [http-nio-9090-exec-10] INFO  c.e.blog.service.BlogServiceimpl - fetch blog of the day!!
2022-08-05 00:34:12 [http-nio-9090-exec-5] INFO  c.e.blog.service.UserServiceimpl - serving picture
2022-08-05 00:34:12 [http-nio-9090-exec-5] ERROR c.e.blog.service.UserServiceimpl - picture not found
2022-08-05 00:34:12 [http-nio-9090-exec-1] INFO  c.e.blog.controller.BlogController - getting blog of the day
2022-08-05 00:34:12 [http-nio-9090-exec-1] INFO  c.e.blog.service.BlogServiceimpl - fetch blog of the day!!
2022-08-05 00:34:12 [http-nio-9090-exec-8] INFO  c.e.blog.service.UserServiceimpl - serving picture
2022-08-05 00:34:12 [http-nio-9090-exec-8] INFO  c.e.blog.controller.UserController - picture served
2022-08-05 00:34:42 [http-nio-9090-exec-4] INFO  c.e.blog.controller.BlogController - getting blog of the day
2022-08-05 00:34:42 [http-nio-9090-exec-4] INFO  c.e.blog.service.BlogServiceimpl - fetch blog of the day!!
2022-08-05 00:34:42 [http-nio-9090-exec-9] INFO  c.e.blog.service.UserServiceimpl - serving picture
2022-08-05 00:34:42 [http-nio-9090-exec-9] ERROR c.e.blog.service.UserServiceimpl - picture not found
2022-08-05 00:34:42 [http-nio-9090-exec-2] INFO  c.e.blog.controller.BlogController - getting blog of the day
2022-08-05 00:34:42 [http-nio-9090-exec-2] INFO  c.e.blog.service.BlogServiceimpl - fetch blog of the day!!
2022-08-05 00:34:42 [http-nio-9090-exec-3] INFO  c.e.blog.service.UserServiceimpl - serving picture
2022-08-05 00:34:42 [http-nio-9090-exec-3] INFO  c.e.blog.controller.UserController - picture served
2022-08-05 00:39:53 [http-nio-9090-exec-8] INFO  c.e.blog.controller.BlogController - getting blog of the day
2022-08-05 00:39:53 [http-nio-9090-exec-9] INFO  c.e.blog.service.UserServiceimpl - serving picture
2022-08-05 00:39:53 [http-nio-9090-exec-9] ERROR c.e.blog.service.UserServiceimpl - picture not found
2022-08-05 00:39:53 [http-nio-9090-exec-8] INFO  c.e.blog.service.BlogServiceimpl - fetch blog of the day!!
2022-08-05 00:39:53 [http-nio-9090-exec-4] INFO  c.e.blog.controller.BlogController - getting blog of the day
2022-08-05 00:39:53 [http-nio-9090-exec-4] INFO  c.e.blog.service.BlogServiceimpl - fetch blog of the day!!
2022-08-05 00:39:53 [http-nio-9090-exec-2] INFO  c.e.blog.service.UserServiceimpl - serving picture
2022-08-05 00:39:53 [http-nio-9090-exec-2] INFO  c.e.blog.controller.UserController - picture served
2022-08-05 00:41:31 [http-nio-9090-exec-7] INFO  c.e.blog.controller.BlogController - request for all blogs
2022-08-05 00:41:31 [http-nio-9090-exec-7] INFO  c.e.blog.service.BlogServiceimpl - fetching all blogs....
2022-08-05 00:41:31 [http-nio-9090-exec-7] INFO  c.e.blog.service.BlogServiceimpl - fetched all blogs
2022-08-05 00:41:31 [http-nio-9090-exec-10] INFO  c.e.blog.controller.BlogController - request for all blogs
2022-08-05 00:41:31 [http-nio-9090-exec-10] INFO  c.e.blog.service.BlogServiceimpl - fetching all blogs....
2022-08-05 00:41:31 [http-nio-9090-exec-10] INFO  c.e.blog.service.BlogServiceimpl - fetched all blogs
2022-08-05 00:41:31 [http-nio-9090-exec-5] INFO  c.e.blog.service.UserServiceimpl - serving picture
2022-08-05 00:41:31 [http-nio-9090-exec-5] INFO  c.e.blog.controller.UserController - picture served
2022-08-05 00:42:03 [http-nio-9090-exec-1] INFO  c.e.blog.controller.BlogController - getting blog of the day
2022-08-05 00:42:03 [http-nio-9090-exec-9] INFO  c.e.blog.service.UserServiceimpl - serving picture
2022-08-05 00:42:03 [http-nio-9090-exec-1] INFO  c.e.blog.service.BlogServiceimpl - fetch blog of the day!!
2022-08-05 00:42:03 [http-nio-9090-exec-9] ERROR c.e.blog.service.UserServiceimpl - picture not found
2022-08-05 00:42:03 [http-nio-9090-exec-8] INFO  c.e.blog.controller.BlogController - getting blog of the day
2022-08-05 00:42:03 [http-nio-9090-exec-8] INFO  c.e.blog.service.BlogServiceimpl - fetch blog of the day!!
2022-08-05 00:42:03 [http-nio-9090-exec-4] INFO  c.e.blog.service.UserServiceimpl - serving picture
2022-08-05 00:42:03 [http-nio-9090-exec-4] INFO  c.e.blog.controller.UserController - picture served
2022-08-05 00:42:47 [http-nio-9090-exec-6] INFO  c.e.blog.controller.BlogController - getting blog of the day
2022-08-05 00:42:47 [http-nio-9090-exec-6] INFO  c.e.blog.service.BlogServiceimpl - fetch blog of the day!!
2022-08-05 00:42:47 [http-nio-9090-exec-3] INFO  c.e.blog.service.UserServiceimpl - serving picture
2022-08-05 00:42:47 [http-nio-9090-exec-3] ERROR c.e.blog.service.UserServiceimpl - picture not found
2022-08-05 00:42:47 [http-nio-9090-exec-7] INFO  c.e.blog.controller.BlogController - getting blog of the day
2022-08-05 00:42:47 [http-nio-9090-exec-7] INFO  c.e.blog.service.BlogServiceimpl - fetch blog of the day!!
2022-08-05 00:42:47 [http-nio-9090-exec-10] INFO  c.e.blog.service.UserServiceimpl - serving picture
2022-08-05 00:42:47 [http-nio-9090-exec-10] INFO  c.e.blog.controller.UserController - picture served
2022-08-05 00:43:51 [http-nio-9090-exec-1] INFO  c.e.blog.controller.UserController - No profile pic uploaded by user
2022-08-05 00:43:51 [http-nio-9090-exec-1] INFO  c.e.blog.controller.UserController - trying to signUp with credential User(id=0, name=testUser, email=testuser1@gmail.com, mobile=1234567890, userimg=null, username=testUser1, password=testUser1, blogs=[]) 
2022-08-05 00:43:51 [http-nio-9090-exec-8] INFO  c.e.blog.controller.UserController - No profile pic uploaded by user
2022-08-05 00:43:51 [http-nio-9090-exec-8] INFO  c.e.blog.controller.UserController - trying to signUp with credential User(id=0, name=testUser, email=testuser1@gmail.com, mobile=1234567890, userimg=null, username=testUser1, password=testUser1, blogs=[]) 
2022-08-05 00:43:51 [http-nio-9090-exec-1] ERROR c.e.blog.service.UserServiceimpl - mobile number already exist
2022-08-05 00:43:51 [http-nio-9090-exec-8] ERROR c.e.blog.service.UserServiceimpl - mobile number already exist
2022-08-05 00:44:05 [http-nio-9090-exec-4] INFO  c.e.blog.controller.UserController - No profile pic uploaded by user
2022-08-05 00:44:05 [http-nio-9090-exec-4] INFO  c.e.blog.controller.UserController - trying to signUp with credential User(id=0, name=testUser, email=testuser1@gmail.com, mobile=1234567899, userimg=null, username=testUser1, password=testUser1, blogs=[]) 
2022-08-05 00:44:05 [http-nio-9090-exec-4] INFO  c.e.blog.service.UserServiceimpl - user registered successfully with credential User(id=2, name=testUser, email=testuser1@gmail.com, mobile=1234567899, userimg=null, username=testUser1, password=$2a$10$VF2LmpmvghF8ILfwRIHYguspIW8wKKerNipFfnIqGjJ.J7HbtUWFu, blogs=[]) 
2022-08-05 00:44:34 [http-nio-9090-exec-3] INFO  c.e.blog.controller.BlogController - getting blog of the day
2022-08-05 00:44:34 [http-nio-9090-exec-3] INFO  c.e.blog.service.BlogServiceimpl - fetch blog of the day!!
2022-08-05 00:44:34 [http-nio-9090-exec-7] INFO  c.e.blog.service.UserServiceimpl - serving picture
2022-08-05 00:44:34 [http-nio-9090-exec-7] ERROR c.e.blog.service.UserServiceimpl - picture not found
2022-08-05 00:44:34 [http-nio-9090-exec-10] INFO  c.e.blog.controller.BlogController - getting blog of the day
2022-08-05 00:44:34 [http-nio-9090-exec-10] INFO  c.e.blog.service.BlogServiceimpl - fetch blog of the day!!
2022-08-05 00:44:34 [http-nio-9090-exec-5] INFO  c.e.blog.service.UserServiceimpl - serving picture
2022-08-05 00:44:34 [http-nio-9090-exec-5] INFO  c.e.blog.controller.UserController - picture served
2022-08-05 00:45:01 [http-nio-9090-exec-1] INFO  c.e.blog.controller.BlogController - submitting blog from userid 2
2022-08-05 00:45:01 [http-nio-9090-exec-1] INFO  c.e.blog.service.BlogServiceimpl - user saved in user's profile
2022-08-05 00:45:04 [http-nio-9090-exec-8] INFO  c.e.blog.controller.BlogController - request for all blogs
2022-08-05 00:45:04 [http-nio-9090-exec-8] INFO  c.e.blog.service.BlogServiceimpl - fetching all blogs....
2022-08-05 00:45:04 [http-nio-9090-exec-8] INFO  c.e.blog.service.BlogServiceimpl - fetched all blogs
2022-08-05 00:45:04 [http-nio-9090-exec-4] INFO  c.e.blog.controller.BlogController - request for all blogs
2022-08-05 00:45:04 [http-nio-9090-exec-4] INFO  c.e.blog.service.BlogServiceimpl - fetching all blogs....
2022-08-05 00:45:04 [http-nio-9090-exec-4] INFO  c.e.blog.service.BlogServiceimpl - fetched all blogs
2022-08-05 00:45:04 [http-nio-9090-exec-2] INFO  c.e.blog.service.UserServiceimpl - serving picture
2022-08-05 00:45:04 [http-nio-9090-exec-2] INFO  c.e.blog.controller.UserController - picture served
2022-08-05 00:45:38 [http-nio-9090-exec-7] INFO  c.e.blog.controller.BlogController - Edit started for blog 4 by user 2
2022-08-05 00:45:38 [http-nio-9090-exec-7] INFO  c.e.blog.service.BlogServiceimpl - Last edited date of this blog was 05-08-2022
2022-08-05 00:45:38 [http-nio-9090-exec-7] INFO  c.e.blog.service.BlogServiceimpl - blog edited successfully on 05-08-2022
2022-08-05 00:45:40 [http-nio-9090-exec-10] INFO  c.e.blog.controller.BlogController - request for all blogs
2022-08-05 00:45:40 [http-nio-9090-exec-10] INFO  c.e.blog.service.BlogServiceimpl - fetching all blogs....
2022-08-05 00:45:40 [http-nio-9090-exec-10] INFO  c.e.blog.service.BlogServiceimpl - fetched all blogs
2022-08-05 00:45:40 [http-nio-9090-exec-5] INFO  c.e.blog.controller.BlogController - request for all blogs
2022-08-05 00:45:40 [http-nio-9090-exec-5] INFO  c.e.blog.service.BlogServiceimpl - fetching all blogs....
2022-08-05 00:45:40 [http-nio-9090-exec-9] INFO  c.e.blog.service.UserServiceimpl - serving picture
2022-08-05 00:45:40 [http-nio-9090-exec-9] INFO  c.e.blog.controller.UserController - picture served
2022-08-05 00:45:40 [http-nio-9090-exec-5] INFO  c.e.blog.service.BlogServiceimpl - fetched all blogs
2022-08-05 00:45:44 [http-nio-9090-exec-8] INFO  c.e.blog.controller.VoteController - voting start
2022-08-05 00:45:44 [http-nio-9090-exec-8] INFO  c.e.blog.service.VoteServiceimpl - vote complete for user 2
2022-08-05 00:46:00 [http-nio-9090-exec-4] INFO  c.e.blog.controller.BlogController - request for all blogs
2022-08-05 00:46:00 [http-nio-9090-exec-4] INFO  c.e.blog.service.BlogServiceimpl - fetching all blogs....
2022-08-05 00:46:00 [http-nio-9090-exec-4] INFO  c.e.blog.service.BlogServiceimpl - fetched all blogs
2022-08-05 00:46:00 [http-nio-9090-exec-2] INFO  c.e.blog.controller.BlogController - request for all blogs
2022-08-05 00:46:00 [http-nio-9090-exec-2] INFO  c.e.blog.service.BlogServiceimpl - fetching all blogs....
2022-08-05 00:46:00 [http-nio-9090-exec-6] INFO  c.e.blog.service.UserServiceimpl - serving picture
2022-08-05 00:46:00 [http-nio-9090-exec-6] INFO  c.e.blog.controller.UserController - picture served
2022-08-05 00:46:00 [http-nio-9090-exec-2] INFO  c.e.blog.service.BlogServiceimpl - fetched all blogs
2022-08-05 00:46:04 [http-nio-9090-exec-3] INFO  c.e.blog.controller.BlogController - getting blog of the day
2022-08-05 00:46:04 [http-nio-9090-exec-3] INFO  c.e.blog.service.BlogServiceimpl - fetch blog of the day!!
2022-08-05 00:46:04 [http-nio-9090-exec-7] INFO  c.e.blog.service.UserServiceimpl - serving picture
2022-08-05 00:46:04 [http-nio-9090-exec-7] ERROR c.e.blog.service.UserServiceimpl - picture not found
2022-08-05 00:46:04 [http-nio-9090-exec-10] INFO  c.e.blog.controller.BlogController - getting blog of the day
2022-08-05 00:46:04 [http-nio-9090-exec-10] INFO  c.e.blog.service.BlogServiceimpl - fetch blog of the day!!
2022-08-05 00:46:36 [http-nio-9090-exec-9] INFO  c.e.blog.controller.BlogController - getting blog of the day
2022-08-05 00:46:36 [http-nio-9090-exec-9] INFO  c.e.blog.service.BlogServiceimpl - fetch blog of the day!!
2022-08-05 00:46:36 [http-nio-9090-exec-5] INFO  c.e.blog.service.UserServiceimpl - serving picture
2022-08-05 00:46:36 [http-nio-9090-exec-5] ERROR c.e.blog.service.UserServiceimpl - picture not found
2022-08-05 00:46:36 [http-nio-9090-exec-1] INFO  c.e.blog.controller.BlogController - getting blog of the day
2022-08-05 00:46:36 [http-nio-9090-exec-1] INFO  c.e.blog.service.BlogServiceimpl - fetch blog of the day!!
2022-08-05 00:48:35 [main] INFO  c.e.blog.BlogWritingApplicationTests - Starting BlogWritingApplicationTests using Java 11.0.11 on DESKTOP-TQDLO7J with PID 6492 (started by Subhankar in C:\Users\Subhankar\Desktop\Project\BlogFactory\BlogFactory\blog)
2022-08-05 00:48:35 [main] INFO  c.e.blog.BlogWritingApplicationTests - No active profile set, falling back to 1 default profile: "default"
2022-08-05 00:49:11 [main] INFO  c.e.blog.repository.BlogRepoTest - Starting BlogRepoTest using Java 11.0.11 on DESKTOP-TQDLO7J with PID 2076 (started by Subhankar in C:\Users\Subhankar\Desktop\Project\BlogFactory\BlogFactory\blog)
2022-08-05 00:49:11 [main] INFO  c.e.blog.repository.BlogRepoTest - No active profile set, falling back to 1 default profile: "default"
2022-08-05 00:49:15 [main] INFO  c.e.blog.repository.BlogRepoTest - Started BlogRepoTest in 4.109 seconds (JVM running for 5.616)
2022-08-05 00:49:30 [main] INFO  c.e.blog.repository.UserRepoTest - Starting UserRepoTest using Java 11.0.11 on DESKTOP-TQDLO7J with PID 2040 (started by Subhankar in C:\Users\Subhankar\Desktop\Project\BlogFactory\BlogFactory\blog)
2022-08-05 00:49:30 [main] INFO  c.e.blog.repository.UserRepoTest - No active profile set, falling back to 1 default profile: "default"
2022-08-05 00:49:34 [main] INFO  c.e.blog.repository.UserRepoTest - Started UserRepoTest in 3.981 seconds (JVM running for 5.479)
2022-08-05 00:49:45 [main] INFO  c.e.blog.repository.UserRepoTest - Starting UserRepoTest using Java 11.0.11 on DESKTOP-TQDLO7J with PID 7388 (started by Subhankar in C:\Users\Subhankar\Desktop\Project\BlogFactory\BlogFactory\blog)
2022-08-05 00:49:45 [main] INFO  c.e.blog.repository.UserRepoTest - No active profile set, falling back to 1 default profile: "default"
2022-08-05 00:49:49 [main] INFO  c.e.blog.repository.UserRepoTest - Started UserRepoTest in 4.202 seconds (JVM running for 5.744)
2022-08-05 00:49:57 [main] INFO  c.e.blog.repository.UserRepoTest - Starting UserRepoTest using Java 11.0.11 on DESKTOP-TQDLO7J with PID 8780 (started by Subhankar in C:\Users\Subhankar\Desktop\Project\BlogFactory\BlogFactory\blog)
2022-08-05 00:49:57 [main] INFO  c.e.blog.repository.UserRepoTest - No active profile set, falling back to 1 default profile: "default"
2022-08-05 00:50:01 [main] INFO  c.e.blog.repository.UserRepoTest - Started UserRepoTest in 4.309 seconds (JVM running for 6.065)
2022-08-05 00:50:17 [main] INFO  c.e.blog.service.BlogServiceimpl - user saved in user's profile
2022-08-05 00:50:17 [main] INFO  c.e.blog.service.BlogServiceimpl - fetching all blogs....
2022-08-05 00:50:17 [main] INFO  c.e.blog.service.BlogServiceimpl - fetched all blogs
2022-08-05 00:50:17 [main] INFO  c.e.blog.service.BlogServiceimpl - Last edited date of this blog was null
2022-08-05 00:50:17 [main] INFO  c.e.blog.service.BlogServiceimpl - blog edited successfully on null
2022-08-05 00:50:17 [main] INFO  c.e.blog.service.BlogServiceimpl - blog deleted successfully
2022-08-05 00:50:17 [main] INFO  c.e.blog.service.BlogServiceimpl - fetch blog of the day!!
2022-08-05 00:50:40 [main] INFO  c.e.blog.service.UserServiceimpl - user registered successfully with credential User(id=1, name=testUser1, email=test1@gmail.com, mobile=4434353435, userimg=null, username=testUser123, password=hello@123, blogs=null) 
2022-08-05 00:50:52 [main] INFO  c.e.blog.service.VoteServiceimpl - vote complete for user 1
2022-08-05 00:50:52 [main] WARN  c.e.blog.service.VoteServiceimpl - unvoting blog 1 by user 1
