2022-07-20 13:25:53 [restartedMain] INFO  c.e.blog.BlogWritingApplication - Starting BlogWritingApplication using Java 11.0.11 on DESKTOP-TQDLO7J with PID 8876 (C:\Users\Subhankar\Desktop\Project\BlogFactory\BlogFactory\blog\target\classes started by Subhankar in C:\Users\Subhankar\Desktop\Project\BlogFactory\BlogFactory\blog)
2022-07-20 13:25:53 [restartedMain] INFO  c.e.blog.BlogWritingApplication - The following 1 profile is active: "dev"
2022-07-20 13:26:00 [restartedMain] INFO  c.e.blog.BlogWritingApplication - Started BlogWritingApplication in 6.933 seconds (JVM running for 8.166)
2022-07-20 13:27:02 [http-nio-9090-exec-1] INFO  c.e.blog.controller.UserController - trying to signUp with credential User(id=0, name=user2, email=newUser12@gmail.com, mobile=9932433012, userimg=null, username=user323, password=user123@1)
2022-07-20 13:27:02 [http-nio-9090-exec-1] ERROR c.e.blog.service.UserServiceimpl - email already exist
2022-07-20 13:28:17 [http-nio-9090-exec-4] INFO  c.e.blog.controller.UserController - trying to signUp with credential User(id=0, name=user3, email=newUser22@gmail.com, mobile=9932493012, userimg=null, username=user323, password=user123@1)
2022-07-20 13:28:17 [http-nio-9090-exec-4] ERROR c.e.blog.service.UserServiceimpl - username already exist
2022-07-20 13:28:22 [http-nio-9090-exec-6] INFO  c.e.blog.controller.UserController - trying to signUp with credential User(id=0, name=user3, email=newUser22@gmail.com, mobile=9932493012, userimg=null, username=user3231, password=user123@1)
2022-07-20 13:28:22 [http-nio-9090-exec-6] INFO  c.e.blog.service.UserServiceimpl - user registered successfully with credential User(id=2, name=user3, email=newUser22@gmail.com, mobile=9932493012, userimg=null, username=user3231, password=user123@1)
2022-07-20 13:29:01 [http-nio-9090-exec-7] INFO  c.e.blog.controller.UserController - trying to login with credential Login(email=newUser22@gmail.com, password=user123@1)
2022-07-20 13:29:01 [http-nio-9090-exec-7] INFO  c.e.blog.service.UserServiceimpl - login successfull Optional[User(id=2, name=user3, email=newUser22@gmail.com, mobile=9932493012, userimg=null, username=user3231, password=user123@1)]
2022-07-20 13:29:32 [http-nio-9090-exec-8] INFO  c.e.blog.controller.UserController - trying to login with credential Login(email=newUser12@gmail.com, password=user123@1)
2022-07-20 13:29:32 [http-nio-9090-exec-8] INFO  c.e.blog.service.UserServiceimpl - login successfull Optional[User(id=1, name=user2, email=newUser12@gmail.com, mobile=9932433012, userimg=null, username=user323, password=user123@1)]
2022-07-20 13:30:22 [http-nio-9090-exec-9] INFO  c.e.blog.controller.UserController - trying to login with credential Login(email=newUser42@gmail.com, password=user123@1)
2022-07-20 13:30:22 [http-nio-9090-exec-9] ERROR c.e.blog.service.UserServiceimpl - unsuccessful login attemptOptional.empty
2022-07-20 13:31:16 [restartedMain] INFO  c.e.blog.BlogWritingApplication - Starting BlogWritingApplication using Java 11.0.11 on DESKTOP-TQDLO7J with PID 13032 (C:\Users\Subhankar\Desktop\Project\BlogFactory\BlogFactory\blog\target\classes started by Subhankar in C:\Users\Subhankar\Desktop\Project\BlogFactory\BlogFactory\blog)
2022-07-20 13:31:16 [restartedMain] INFO  c.e.blog.BlogWritingApplication - The following 1 profile is active: "dev"
2022-07-20 13:31:23 [restartedMain] INFO  c.e.blog.BlogWritingApplication - Started BlogWritingApplication in 7.03 seconds (JVM running for 8.045)
2022-07-20 13:32:15 [http-nio-9090-exec-2] INFO  c.e.blog.controller.UserController - trying to login with credential Login(email=newUser42@gmail.com, password=user123@1)
2022-07-20 13:32:15 [http-nio-9090-exec-2] ERROR c.e.blog.service.UserServiceimpl - unsuccessful login attemptOptional.empty
2022-07-20 13:33:14 [restartedMain] INFO  c.e.blog.BlogWritingApplication - Starting BlogWritingApplication using Java 11.0.11 on DESKTOP-TQDLO7J with PID 13032 (C:\Users\Subhankar\Desktop\Project\BlogFactory\BlogFactory\blog\target\classes started by Subhankar in C:\Users\Subhankar\Desktop\Project\BlogFactory\BlogFactory\blog)
2022-07-20 13:33:14 [restartedMain] INFO  c.e.blog.BlogWritingApplication - The following 1 profile is active: "dev"
2022-07-20 13:33:16 [restartedMain] INFO  c.e.blog.BlogWritingApplication - Started BlogWritingApplication in 1.625 seconds (JVM running for 121.405)
2022-07-20 13:33:18 [restartedMain] INFO  c.e.blog.BlogWritingApplication - Starting BlogWritingApplication using Java 11.0.11 on DESKTOP-TQDLO7J with PID 13032 (C:\Users\Subhankar\Desktop\Project\BlogFactory\BlogFactory\blog\target\classes started by Subhankar in C:\Users\Subhankar\Desktop\Project\BlogFactory\BlogFactory\blog)
2022-07-20 13:33:18 [restartedMain] INFO  c.e.blog.BlogWritingApplication - The following 1 profile is active: "dev"
2022-07-20 13:33:19 [restartedMain] INFO  c.e.blog.BlogWritingApplication - Started BlogWritingApplication in 1.501 seconds (JVM running for 124.541)
2022-07-20 13:33:42 [http-nio-9090-exec-2] INFO  c.e.blog.controller.UserController - trying to login with credential Login(email=newUser42@gmail.com, password=user123@1)
2022-07-20 13:33:42 [http-nio-9090-exec-2] ERROR c.e.blog.service.UserServiceimpl - unsuccessful login attemptLogin(email=newUser42@gmail.com, password=user123@1)
2022-07-20 13:34:37 [http-nio-9090-exec-4] INFO  c.e.blog.controller.UserController - trying to login with credential Login(email=newUser12@gmail.com, password=user123@1)
2022-07-20 13:34:37 [http-nio-9090-exec-4] INFO  c.e.blog.service.UserServiceimpl - login successfull Optional[User(id=1, name=user2, email=newUser12@gmail.com, mobile=9932433012, userimg=null, username=user323, password=user123@1)]
2022-07-20 13:35:01 [http-nio-9090-exec-7] INFO  c.e.blog.controller.UserController - trying to login with credential Login(email=newUser12@gmail.com, password=user23@1)
2022-07-20 13:35:01 [http-nio-9090-exec-7] ERROR c.e.blog.service.UserServiceimpl - unsuccessful login attemptLogin(email=newUser12@gmail.com, password=user23@1)
2022-07-20 13:44:22 [http-nio-9090-exec-5] INFO  c.e.blog.controller.UserController - trying to login with credential Login(email=, password=user23@1)
2022-07-20 13:44:22 [http-nio-9090-exec-5] ERROR c.e.blog.service.UserServiceimpl - unsuccessful login attemptLogin(email=, password=user23@1)
2022-07-20 13:44:39 [restartedMain] INFO  c.e.blog.BlogWritingApplication - Starting BlogWritingApplication using Java 11.0.11 on DESKTOP-TQDLO7J with PID 13032 (C:\Users\Subhankar\Desktop\Project\BlogFactory\BlogFactory\blog\target\classes started by Subhankar in C:\Users\Subhankar\Desktop\Project\BlogFactory\BlogFactory\blog)
2022-07-20 13:44:39 [restartedMain] INFO  c.e.blog.BlogWritingApplication - The following 1 profile is active: "dev"
2022-07-20 13:44:42 [restartedMain] INFO  c.e.blog.BlogWritingApplication - Starting BlogWritingApplication using Java 11.0.11 on DESKTOP-TQDLO7J with PID 13032 (C:\Users\Subhankar\Desktop\Project\BlogFactory\BlogFactory\blog\target\classes started by Subhankar in C:\Users\Subhankar\Desktop\Project\BlogFactory\BlogFactory\blog)
2022-07-20 13:44:42 [restartedMain] INFO  c.e.blog.BlogWritingApplication - The following 1 profile is active: "dev"
2022-07-20 13:44:43 [restartedMain] INFO  c.e.blog.BlogWritingApplication - Started BlogWritingApplication in 1.225 seconds (JVM running for 808.688)
2022-07-20 13:44:52 [http-nio-9090-exec-2] INFO  c.e.blog.controller.UserController - trying to login with credential Login(email=, password=user23@1)
2022-07-20 13:44:52 [http-nio-9090-exec-2] ERROR c.e.blog.service.UserServiceimpl - no user found using the email
2022-07-20 13:44:52 [http-nio-9090-exec-2] ERROR c.e.blog.service.UserServiceimpl - unsuccessful login attempt due to wrong password Login(email=, password=user23@1)
2022-07-20 13:45:45 [http-nio-9090-exec-4] INFO  c.e.blog.controller.UserController - trying to login with credential Login(email=newUser12@gmail.com, password=user23@1)
2022-07-20 13:45:45 [http-nio-9090-exec-4] ERROR c.e.blog.service.UserServiceimpl - unsuccessful login attempt due to wrong password Login(email=newUser12@gmail.com, password=user23@1)
2022-07-20 13:46:28 [http-nio-9090-exec-6] INFO  c.e.blog.controller.UserController - trying to login with credential Login(email=newUser12@gmail.com, password=user123@1)
2022-07-20 13:46:28 [http-nio-9090-exec-6] INFO  c.e.blog.service.UserServiceimpl - login successfull Optional[User(id=1, name=user2, email=newUser12@gmail.com, mobile=9932433012, userimg=null, username=user323, password=user123@1)]
2022-07-20 13:46:52 [http-nio-9090-exec-7] INFO  c.e.blog.controller.UserController - trying to login with credential Login(email=newUser22@gmail.com, password=user123@1)
2022-07-20 13:46:52 [http-nio-9090-exec-7] INFO  c.e.blog.service.UserServiceimpl - login successfull Optional[User(id=2, name=user3, email=newUser22@gmail.com, mobile=9932493012, userimg=null, username=user3231, password=user123@1)]
2022-07-20 13:47:06 [http-nio-9090-exec-8] INFO  c.e.blog.controller.UserController - trying to login with credential Login(email=newUser42@gmail.com, password=user123@1)
2022-07-20 13:47:06 [http-nio-9090-exec-8] ERROR c.e.blog.service.UserServiceimpl - no user found using the emailnewUser42@gmail.com
2022-07-20 13:47:06 [http-nio-9090-exec-8] ERROR c.e.blog.service.UserServiceimpl - unsuccessful login attempt due to wrong password Login(email=newUser42@gmail.com, password=user123@1)
2022-07-20 13:50:59 [restartedMain] INFO  c.e.blog.BlogWritingApplication - Starting BlogWritingApplication using Java 11.0.11 on DESKTOP-TQDLO7J with PID 13032 (C:\Users\Subhankar\Desktop\Project\BlogFactory\BlogFactory\blog\target\classes started by Subhankar in C:\Users\Subhankar\Desktop\Project\BlogFactory\BlogFactory\blog)
2022-07-20 13:50:59 [restartedMain] INFO  c.e.blog.BlogWritingApplication - The following 1 profile is active: "dev"
2022-07-20 13:51:01 [restartedMain] INFO  c.e.blog.BlogWritingApplication - Starting BlogWritingApplication using Java 11.0.11 on DESKTOP-TQDLO7J with PID 13032 (C:\Users\Subhankar\Desktop\Project\BlogFactory\BlogFactory\blog\target\classes started by Subhankar in C:\Users\Subhankar\Desktop\Project\BlogFactory\BlogFactory\blog)
2022-07-20 13:51:01 [restartedMain] INFO  c.e.blog.BlogWritingApplication - The following 1 profile is active: "dev"
2022-07-20 13:51:02 [restartedMain] INFO  c.e.blog.BlogWritingApplication - Started BlogWritingApplication in 1.208 seconds (JVM running for 1187.756)
2022-07-20 13:51:26 [http-nio-9090-exec-2] INFO  c.e.blog.controller.UserController - trying to login with credential Login(email=newUser42@gmail.com, password=user123@1)
2022-07-20 13:51:26 [http-nio-9090-exec-2] ERROR c.e.blog.service.UserServiceimpl - no user found using the emailnewUser42@gmail.com
2022-07-20 13:51:56 [http-nio-9090-exec-4] INFO  c.e.blog.controller.UserController - trying to login with credential Login(email=newUser12@gmail.com, password=user123@1)
2022-07-20 13:51:56 [http-nio-9090-exec-4] INFO  c.e.blog.service.UserServiceimpl - login successfull Optional[User(id=1, name=user2, email=newUser12@gmail.com, mobile=9932433012, userimg=null, username=user323, password=user123@1)]
2022-07-20 13:52:09 [http-nio-9090-exec-5] INFO  c.e.blog.controller.UserController - trying to login with credential Login(email=newUser12@gmail.com, password=user523@1)
2022-07-20 13:52:09 [http-nio-9090-exec-5] ERROR c.e.blog.service.UserServiceimpl - unsuccessful login attempt due to wrong password Login(email=newUser12@gmail.com, password=user523@1)
2022-07-20 13:52:40 [http-nio-9090-exec-7] INFO  c.e.blog.controller.UserController - trying to login with credential Login(email=newUser12@gmail.com, password=user123@1)
2022-07-20 13:52:40 [http-nio-9090-exec-7] INFO  c.e.blog.service.UserServiceimpl - login successfull Optional[User(id=1, name=user2, email=newUser12@gmail.com, mobile=9932433012, userimg=null, username=user323, password=user123@1)]
2022-07-20 13:52:59 [http-nio-9090-exec-8] INFO  c.e.blog.controller.UserController - trying to login with credential Login(email=newUser22@gmail.com, password=user223@1)
2022-07-20 13:52:59 [http-nio-9090-exec-8] ERROR c.e.blog.service.UserServiceimpl - unsuccessful login attempt due to wrong password Login(email=newUser22@gmail.com, password=user223@1)
2022-07-20 13:53:15 [http-nio-9090-exec-10] INFO  c.e.blog.controller.UserController - trying to login with credential Login(email=newUser42@gmail.com, password=user223@1)
2022-07-20 13:53:15 [http-nio-9090-exec-10] ERROR c.e.blog.service.UserServiceimpl - no user found using the emailnewUser42@gmail.com
2022-07-20 13:59:21 [restartedMain] INFO  c.e.blog.BlogWritingApplication - Starting BlogWritingApplication using Java 11.0.11 on DESKTOP-TQDLO7J with PID 13032 (C:\Users\Subhankar\Desktop\Project\BlogFactory\BlogFactory\blog\target\classes started by Subhankar in C:\Users\Subhankar\Desktop\Project\BlogFactory\BlogFactory\blog)
2022-07-20 13:59:21 [restartedMain] INFO  c.e.blog.BlogWritingApplication - The following 1 profile is active: "dev"
2022-07-20 13:59:23 [restartedMain] INFO  c.e.blog.BlogWritingApplication - Starting BlogWritingApplication using Java 11.0.11 on DESKTOP-TQDLO7J with PID 13032 (C:\Users\Subhankar\Desktop\Project\BlogFactory\BlogFactory\blog\target\classes started by Subhankar in C:\Users\Subhankar\Desktop\Project\BlogFactory\BlogFactory\blog)
2022-07-20 13:59:23 [restartedMain] INFO  c.e.blog.BlogWritingApplication - The following 1 profile is active: "dev"
2022-07-20 13:59:24 [restartedMain] INFO  c.e.blog.BlogWritingApplication - Started BlogWritingApplication in 1.138 seconds (JVM running for 1689.637)
2022-07-20 13:59:29 [http-nio-9090-exec-3] INFO  c.e.blog.controller.UserController - trying to login with credential Login(email=newUser42@gmail.com, password=user223@1)
2022-07-20 13:59:29 [http-nio-9090-exec-3] ERROR c.e.blog.service.UserServiceimpl - no user found using the emailnewUser42@gmail.com
2022-07-20 14:00:00 [restartedMain] INFO  c.e.blog.BlogWritingApplication - Starting BlogWritingApplication using Java 11.0.11 on DESKTOP-TQDLO7J with PID 13032 (C:\Users\Subhankar\Desktop\Project\BlogFactory\BlogFactory\blog\target\classes started by Subhankar in C:\Users\Subhankar\Desktop\Project\BlogFactory\BlogFactory\blog)
2022-07-20 14:00:00 [restartedMain] INFO  c.e.blog.BlogWritingApplication - The following 1 profile is active: "dev"
2022-07-20 14:00:02 [restartedMain] INFO  c.e.blog.BlogWritingApplication - Starting BlogWritingApplication using Java 11.0.11 on DESKTOP-TQDLO7J with PID 13032 (C:\Users\Subhankar\Desktop\Project\BlogFactory\BlogFactory\blog\target\classes started by Subhankar in C:\Users\Subhankar\Desktop\Project\BlogFactory\BlogFactory\blog)
2022-07-20 14:00:02 [restartedMain] INFO  c.e.blog.BlogWritingApplication - The following 1 profile is active: "dev"
2022-07-20 14:00:03 [restartedMain] INFO  c.e.blog.BlogWritingApplication - Started BlogWritingApplication in 0.939 seconds (JVM running for 1728.186)
2022-07-20 14:00:08 [http-nio-9090-exec-4] INFO  c.e.blog.controller.UserController - trying to login with credential Login(email=newUser42@gmail.com, password=user223@1)
2022-07-20 14:00:08 [http-nio-9090-exec-4] ERROR c.e.blog.service.UserServiceimpl - no user found using the emailnewUser42@gmail.com
2022-07-20 14:00:31 [http-nio-9090-exec-8] INFO  c.e.blog.controller.UserController - trying to login with credential Login(email=newUser12@gmail.com, password=user223@1)
2022-07-20 14:00:31 [http-nio-9090-exec-8] ERROR c.e.blog.service.UserServiceimpl - unsuccessful login attempt due to wrong password Login(email=newUser12@gmail.com, password=user223@1)
2022-07-20 14:00:48 [http-nio-9090-exec-2] INFO  c.e.blog.controller.UserController - trying to login with credential Login(email=newUser12@gmail.com, password=user123@1)
2022-07-20 14:00:48 [http-nio-9090-exec-2] INFO  c.e.blog.service.UserServiceimpl - login successfully Optional[User(id=1, name=user2, email=newUser12@gmail.com, mobile=9932433012, userimg=null, username=user323, password=user123@1)]
2022-07-20 14:04:01 [restartedMain] INFO  c.e.blog.BlogWritingApplication - Starting BlogWritingApplication using Java 11.0.11 on DESKTOP-TQDLO7J with PID 13032 (C:\Users\Subhankar\Desktop\Project\BlogFactory\BlogFactory\blog\target\classes started by Subhankar in C:\Users\Subhankar\Desktop\Project\BlogFactory\BlogFactory\blog)
2022-07-20 14:04:01 [restartedMain] INFO  c.e.blog.BlogWritingApplication - The following 1 profile is active: "dev"
2022-07-20 14:04:03 [restartedMain] INFO  c.e.blog.BlogWritingApplication - Starting BlogWritingApplication using Java 11.0.11 on DESKTOP-TQDLO7J with PID 13032 (C:\Users\Subhankar\Desktop\Project\BlogFactory\BlogFactory\blog\target\classes started by Subhankar in C:\Users\Subhankar\Desktop\Project\BlogFactory\BlogFactory\blog)
2022-07-20 14:04:03 [restartedMain] INFO  c.e.blog.BlogWritingApplication - The following 1 profile is active: "dev"
2022-07-20 14:04:03 [restartedMain] INFO  c.e.blog.BlogWritingApplication - Started BlogWritingApplication in 0.758 seconds (JVM running for 1968.986)
2022-07-20 14:04:10 [http-nio-9090-exec-2] INFO  c.e.blog.controller.UserController - trying to login with credential Login(email=newUser12@gmail.com, password=user123@1)
2022-07-20 14:04:10 [http-nio-9090-exec-2] INFO  c.e.blog.service.UserServiceimpl - login successfully Optional[User(id=1, name=user2, email=newUser12@gmail.com, mobile=9932433012, userimg=null, username=user323, password=user123@1)]
2022-07-20 14:07:15 [http-nio-9090-exec-7] INFO  c.e.blog.controller.UserController - trying to login with credential Login(email=newUser22@gmail.com, password=user123@1)
2022-07-20 14:07:15 [http-nio-9090-exec-7] INFO  c.e.blog.service.UserServiceimpl - login successfully Optional[User(id=2, name=user3, email=newUser22@gmail.com, mobile=9932493012, userimg=null, username=user3231, password=user123@1)]
2022-07-20 14:07:35 [http-nio-9090-exec-10] INFO  c.e.blog.controller.UserController - trying to login with credential Login(email=newUser22@gmail.com, password=user123@1)
2022-07-20 14:07:35 [http-nio-9090-exec-10] INFO  c.e.blog.service.UserServiceimpl - login successfully Optional[User(id=2, name=user3, email=newUser22@gmail.com, mobile=9932493012, userimg=null, username=user3231, password=user123@1)]
2022-07-20 14:07:49 [http-nio-9090-exec-4] INFO  c.e.blog.controller.UserController - trying to login with credential Login(email=newUser42@gmail.com, password=user123@1)
2022-07-20 14:07:49 [http-nio-9090-exec-4] ERROR c.e.blog.service.UserServiceimpl - no user found using the emailnewUser42@gmail.com
2022-07-20 14:17:25 [restartedMain] INFO  c.e.blog.BlogWritingApplication - Starting BlogWritingApplication using Java 11.0.11 on DESKTOP-TQDLO7J with PID 1664 (C:\Users\Subhankar\Desktop\Project\BlogFactory\BlogFactory\blog\target\classes started by Subhankar in C:\Users\Subhankar\Desktop\Project\BlogFactory\BlogFactory\blog)
2022-07-20 14:17:25 [restartedMain] INFO  c.e.blog.BlogWritingApplication - The following 1 profile is active: "dev"
2022-07-20 14:17:32 [restartedMain] INFO  c.e.blog.BlogWritingApplication - Started BlogWritingApplication in 7.283 seconds (JVM running for 8.812)
2022-07-20 14:17:36 [http-nio-9090-exec-2] INFO  c.e.blog.controller.UserController - trying to login with credential Login(email=newUser42@gmail.com, password=user123@1)
2022-07-20 14:17:37 [http-nio-9090-exec-2] ERROR c.e.blog.service.UserServiceimpl - no user found using the emailnewUser42@gmail.com
2022-07-20 14:18:37 [http-nio-9090-exec-4] INFO  c.e.blog.controller.UserController - trying to login with credential Login(email=newUser12@gmail.com, password=user323@1)
2022-07-20 14:18:37 [http-nio-9090-exec-4] ERROR c.e.blog.service.UserServiceimpl - unsuccessful login attempt due to wrong password Login(email=newUser12@gmail.com, password=user323@1)
2022-07-20 14:19:34 [http-nio-9090-exec-6] INFO  c.e.blog.controller.UserController - trying to login with credential Login(email=newUser12@gmail.com, password=user123@1)
2022-07-20 14:19:34 [http-nio-9090-exec-6] INFO  c.e.blog.service.UserServiceimpl - login successfully Optional[User(id=1, name=user2, email=newUser12@gmail.com, mobile=9932433012, userimg=null, username=user323, password=user123@1)]
2022-07-20 16:13:35 [restartedMain] INFO  c.e.blog.BlogWritingApplication - Starting BlogWritingApplication using Java 11.0.11 on DESKTOP-TQDLO7J with PID 6192 (C:\Users\Subhankar\Desktop\Project\BlogFactory\BlogFactory\blog\target\classes started by Subhankar in C:\Users\Subhankar\Desktop\Project\BlogFactory\BlogFactory\blog)
2022-07-20 16:13:35 [restartedMain] INFO  c.e.blog.BlogWritingApplication - The following 1 profile is active: "dev"
2022-07-20 16:13:42 [restartedMain] INFO  c.e.blog.BlogWritingApplication - Started BlogWritingApplication in 8.204 seconds (JVM running for 9.468)
2022-07-20 16:13:55 [http-nio-9090-exec-2] INFO  c.e.blog.controller.UserController - trying to login with credential Login(email=newUser12@gmail.com, password=user123@1)
2022-07-20 16:13:55 [http-nio-9090-exec-2] INFO  c.e.blog.service.UserServiceimpl - login successfully Optional[User(id=1, name=user2, email=newUser12@gmail.com, mobile=9932433012, userimg=null, username=user323, password=user123@1)]
2022-07-20 16:15:09 [restartedMain] INFO  c.e.blog.BlogWritingApplication - Starting BlogWritingApplication using Java 11.0.11 on DESKTOP-TQDLO7J with PID 10540 (C:\Users\Subhankar\Desktop\Project\BlogFactory\BlogFactory\blog\target\classes started by Subhankar in C:\Users\Subhankar\Desktop\Project\BlogFactory\BlogFactory\blog)
2022-07-20 16:15:09 [restartedMain] INFO  c.e.blog.BlogWritingApplication - The following 1 profile is active: "dev"
2022-07-20 16:15:16 [restartedMain] INFO  c.e.blog.BlogWritingApplication - Started BlogWritingApplication in 7.841 seconds (JVM running for 8.88)
2022-07-20 16:15:21 [http-nio-9090-exec-2] INFO  c.e.blog.controller.UserController - trying to login with credential Login(email=newUser12@gmail.com, password=user123@1)
2022-07-20 16:15:21 [http-nio-9090-exec-2] INFO  c.e.blog.service.UserServiceimpl - login successfully Optional[User(id=1, name=user2, email=newUser12@gmail.com, mobile=9932433012, userimg=null, username=user323, password=user123@1)]
2022-07-20 16:15:41 [http-nio-9090-exec-5] INFO  c.e.blog.controller.UserController - trying to login with credential Login(email=newUser22@gmail.com, password=user123@1)
2022-07-20 16:15:41 [http-nio-9090-exec-5] INFO  c.e.blog.service.UserServiceimpl - login successfully Optional[User(id=2, name=user3, email=newUser22@gmail.com, mobile=9932493012, userimg=null, username=user3231, password=user123@1)]
2022-07-20 16:15:53 [http-nio-9090-exec-6] INFO  c.e.blog.controller.UserController - trying to login with credential Login(email=newUser52@gmail.com, password=user123@1)
2022-07-20 16:15:53 [http-nio-9090-exec-6] ERROR c.e.blog.service.UserServiceimpl - no user found using the email newUser52@gmail.com
2022-07-20 16:16:15 [http-nio-9090-exec-3] INFO  c.e.blog.controller.UserController - trying to login with credential Login(email=newUser12@gmail.com, password=user423@1)
2022-07-20 16:16:15 [http-nio-9090-exec-3] ERROR c.e.blog.service.UserServiceimpl - unsuccessful login attempt due to wrong password  Login(email=newUser12@gmail.com, password=user423@1)
2022-07-20 16:16:28 [http-nio-9090-exec-9] INFO  c.e.blog.controller.UserController - trying to login with credential Login(email=newUser12@gmail.com, password=user123@1)
2022-07-20 16:16:28 [http-nio-9090-exec-9] INFO  c.e.blog.service.UserServiceimpl - login successfully Optional[User(id=1, name=user2, email=newUser12@gmail.com, mobile=9932433012, userimg=null, username=user323, password=user123@1)]
2022-07-20 16:21:17 [restartedMain] INFO  c.e.blog.BlogWritingApplication - Starting BlogWritingApplication using Java 11.0.11 on DESKTOP-TQDLO7J with PID 10540 (C:\Users\Subhankar\Desktop\Project\BlogFactory\BlogFactory\blog\target\classes started by Subhankar in C:\Users\Subhankar\Desktop\Project\BlogFactory\BlogFactory\blog)
2022-07-20 16:21:17 [restartedMain] INFO  c.e.blog.BlogWritingApplication - The following 1 profile is active: "dev"
2022-07-20 16:21:19 [restartedMain] INFO  c.e.blog.BlogWritingApplication - Starting BlogWritingApplication using Java 11.0.11 on DESKTOP-TQDLO7J with PID 10540 (C:\Users\Subhankar\Desktop\Project\BlogFactory\BlogFactory\blog\target\classes started by Subhankar in C:\Users\Subhankar\Desktop\Project\BlogFactory\BlogFactory\blog)
2022-07-20 16:21:19 [restartedMain] INFO  c.e.blog.BlogWritingApplication - The following 1 profile is active: "dev"
2022-07-20 16:21:21 [restartedMain] INFO  c.e.blog.BlogWritingApplication - Started BlogWritingApplication in 1.485 seconds (JVM running for 373.762)
2022-07-20 16:21:29 [http-nio-9090-exec-2] INFO  c.e.blog.controller.UserController - trying to login with credential Login(email=newUser12@gmail.com, password=user123@1)
2022-07-20 16:21:29 [http-nio-9090-exec-2] INFO  c.e.blog.service.UserServiceimpl - login successfully Optional[User(id=1, name=user2, email=newUser12@gmail.com, mobile=9932433012, userimg=null, username=user323, password=user123@1)]
2022-07-20 16:21:44 [http-nio-9090-exec-5] INFO  c.e.blog.controller.UserController - trying to login with credential Login(email=newUser12@gmail.com, password=user23@1)
2022-07-20 16:21:44 [http-nio-9090-exec-5] ERROR c.e.blog.service.UserServiceimpl - unsuccessful login attempt due to wrong password  Login(email=newUser12@gmail.com, password=user23@1)
2022-07-20 16:22:15 [http-nio-9090-exec-9] INFO  c.e.blog.controller.UserController - trying to login with credential Login(email=newUser52@gmail.com, password=user123@1)
2022-07-20 16:22:15 [http-nio-9090-exec-9] ERROR c.e.blog.service.UserServiceimpl - no user found using the email newUser52@gmail.com
2022-07-20 16:22:37 [http-nio-9090-exec-3] INFO  c.e.blog.controller.UserController - trying to login with credential Login(email=newUser12@gmail.com, password=user123@1)
2022-07-20 16:22:37 [http-nio-9090-exec-3] INFO  c.e.blog.service.UserServiceimpl - login successfully Optional[User(id=1, name=user2, email=newUser12@gmail.com, mobile=9932433012, userimg=null, username=user323, password=user123@1)]
2022-07-20 16:25:53 [restartedMain] INFO  c.e.blog.BlogWritingApplication - Starting BlogWritingApplication using Java 11.0.11 on DESKTOP-TQDLO7J with PID 10540 (C:\Users\Subhankar\Desktop\Project\BlogFactory\BlogFactory\blog\target\classes started by Subhankar in C:\Users\Subhankar\Desktop\Project\BlogFactory\BlogFactory\blog)
2022-07-20 16:25:53 [restartedMain] INFO  c.e.blog.BlogWritingApplication - The following 1 profile is active: "dev"
2022-07-20 16:25:57 [restartedMain] INFO  c.e.blog.BlogWritingApplication - Starting BlogWritingApplication using Java 11.0.11 on DESKTOP-TQDLO7J with PID 10540 (C:\Users\Subhankar\Desktop\Project\BlogFactory\BlogFactory\blog\target\classes started by Subhankar in C:\Users\Subhankar\Desktop\Project\BlogFactory\BlogFactory\blog)
2022-07-20 16:25:57 [restartedMain] INFO  c.e.blog.BlogWritingApplication - The following 1 profile is active: "dev"
2022-07-20 16:25:58 [restartedMain] INFO  c.e.blog.BlogWritingApplication - Started BlogWritingApplication in 1.412 seconds (JVM running for 650.789)
2022-07-20 16:26:03 [http-nio-9090-exec-4] INFO  c.e.blog.controller.UserController - trying to login with credential Login(email=newUser12@gmail.com, password=user123@1)
2022-07-20 16:26:03 [http-nio-9090-exec-4] INFO  c.e.blog.service.UserServiceimpl - login successfully Optional[User(id=1, name=user2, email=newUser12@gmail.com, mobile=9932433012, userimg=null, username=user323, password=user123@1)]
2022-07-20 16:26:16 [http-nio-9090-exec-7] INFO  c.e.blog.controller.UserController - trying to login with credential Login(email=newUser22@gmail.com, password=user123@1)
2022-07-20 16:26:16 [http-nio-9090-exec-7] INFO  c.e.blog.service.UserServiceimpl - login successfully Optional[User(id=2, name=user3, email=newUser22@gmail.com, mobile=9932493012, userimg=null, username=user3231, password=user123@1)]
2022-07-20 16:26:25 [http-nio-9090-exec-8] INFO  c.e.blog.controller.UserController - trying to login with credential Login(email=newUser52@gmail.com, password=user123@1)
2022-07-20 16:26:25 [http-nio-9090-exec-8] ERROR c.e.blog.service.UserServiceimpl - no user found using the email newUser52@gmail.com
2022-07-20 16:26:25 [http-nio-9090-exec-8] ERROR c.e.blog.service.UserServiceimpl - unsuccessful login attempt due to wrong password  Login(email=newUser52@gmail.com, password=user123@1)
2022-07-20 16:34:19 [restartedMain] INFO  c.e.blog.BlogWritingApplication - Starting BlogWritingApplication using Java 11.0.11 on DESKTOP-TQDLO7J with PID 10540 (C:\Users\Subhankar\Desktop\Project\BlogFactory\BlogFactory\blog\target\classes started by Subhankar in C:\Users\Subhankar\Desktop\Project\BlogFactory\BlogFactory\blog)
2022-07-20 16:34:19 [restartedMain] INFO  c.e.blog.BlogWritingApplication - The following 1 profile is active: "dev"
2022-07-20 16:34:22 [restartedMain] INFO  c.e.blog.BlogWritingApplication - Starting BlogWritingApplication using Java 11.0.11 on DESKTOP-TQDLO7J with PID 10540 (C:\Users\Subhankar\Desktop\Project\BlogFactory\BlogFactory\blog\target\classes started by Subhankar in C:\Users\Subhankar\Desktop\Project\BlogFactory\BlogFactory\blog)
2022-07-20 16:34:22 [restartedMain] INFO  c.e.blog.BlogWritingApplication - The following 1 profile is active: "dev"
2022-07-20 16:34:23 [restartedMain] INFO  c.e.blog.BlogWritingApplication - Started BlogWritingApplication in 1.352 seconds (JVM running for 1156.233)
2022-07-20 16:34:32 [http-nio-9090-exec-1] INFO  c.e.blog.controller.UserController - trying to login with credential Login(email=newUser52@gmail.com, password=user123@1)
2022-07-20 16:34:32 [http-nio-9090-exec-1] ERROR c.e.blog.service.UserServiceimpl - no user found using the email newUser52@gmail.com
2022-07-20 16:34:43 [http-nio-9090-exec-4] INFO  c.e.blog.controller.UserController - trying to login with credential Login(email=newUser12@gmail.com, password=user123@1)
2022-07-20 16:34:43 [http-nio-9090-exec-4] INFO  c.e.blog.service.UserServiceimpl - login successfully Optional[User(id=1, name=user2, email=newUser12@gmail.com, mobile=9932433012, userimg=null, username=user323, password=user123@1)]
2022-07-20 16:35:01 [http-nio-9090-exec-5] INFO  c.e.blog.controller.UserController - trying to login with credential Login(email=newUser12@gmail.com, password=user23@1)
2022-07-20 16:35:01 [http-nio-9090-exec-5] ERROR c.e.blog.service.UserServiceimpl - unsuccessful login attempt due to wrong password  Login(email=newUser12@gmail.com, password=user23@1)
2022-07-20 16:35:27 [http-nio-9090-exec-9] INFO  c.e.blog.controller.UserController - trying to login with credential Login(email=newUser52@gmail.com, password=user23@1)
2022-07-20 16:35:27 [http-nio-9090-exec-9] ERROR c.e.blog.service.UserServiceimpl - no user found using the email newUser52@gmail.com
2022-07-20 16:55:05 [restartedMain] INFO  c.e.blog.BlogWritingApplication - Starting BlogWritingApplication using Java 11.0.11 on DESKTOP-TQDLO7J with PID 14348 (C:\Users\Subhankar\Desktop\Project\BlogFactory\BlogFactory\blog\target\classes started by Subhankar in C:\Users\Subhankar\Desktop\Project\BlogFactory\BlogFactory\blog)
2022-07-20 16:55:05 [restartedMain] INFO  c.e.blog.BlogWritingApplication - The following 1 profile is active: "dev"
2022-07-20 16:55:12 [restartedMain] INFO  c.e.blog.BlogWritingApplication - Started BlogWritingApplication in 7.781 seconds (JVM running for 8.824)
2022-07-20 16:55:22 [http-nio-9090-exec-1] INFO  c.e.blog.controller.UserController - trying to login with credential Login(email=newUser12@gmail.com, password=user123@1)
2022-07-20 16:55:23 [http-nio-9090-exec-1] INFO  c.e.blog.service.UserServiceimpl - login successfully Optional[User(id=1, name=user2, email=newUser12@gmail.com, mobile=9932433012, userimg=null, username=user323, password=user123@1)]
2022-07-20 16:55:33 [http-nio-9090-exec-3] INFO  c.e.blog.controller.UserController - trying to login with credential Login(email=newUser22@gmail.com, password=user123@1)
2022-07-20 16:55:33 [http-nio-9090-exec-3] INFO  c.e.blog.service.UserServiceimpl - login successfully Optional[User(id=2, name=user3, email=newUser22@gmail.com, mobile=9932493012, userimg=null, username=user3231, password=user123@1)]
2022-07-20 16:55:48 [http-nio-9090-exec-4] INFO  c.e.blog.controller.UserController - trying to login with credential Login(email=newUser52@gmail.com, password=user123@1)
2022-07-20 16:55:48 [http-nio-9090-exec-4] ERROR c.e.blog.service.UserServiceimpl - no user found using the email newUser52@gmail.com
2022-07-20 16:56:18 [http-nio-9090-exec-6] INFO  c.e.blog.controller.UserController - trying to login with credential Login(email=newUser12@gmail.com, password=user323@1)
2022-07-20 16:56:18 [http-nio-9090-exec-6] ERROR c.e.blog.service.UserServiceimpl - unsuccessful login attempt due to wrong password  Login(email=newUser12@gmail.com, password=user323@1)
2022-07-20 16:56:30 [http-nio-9090-exec-8] INFO  c.e.blog.controller.UserController - trying to login with credential Login(email=newUser12@gmail.com, password=user123@1)
2022-07-20 16:56:30 [http-nio-9090-exec-8] INFO  c.e.blog.service.UserServiceimpl - login successfully Optional[User(id=1, name=user2, email=newUser12@gmail.com, mobile=9932433012, userimg=null, username=user323, password=user123@1)]
